DEBUG:telegram.ext.dispatcher:Setting singleton dispatcher as <telegram.ext.dispatcher.Dispatcher object at 0x7f2257b93128>
DEBUG:JobQueue:JobQueue thread started
DEBUG:telegram.ext.updater:dispatcher - started
DEBUG:telegram.ext.updater:updater - started
DEBUG:telegram.ext.updater:Updater thread started
DEBUG:telegram.bot:Entering: set_webhook
DEBUG:telegram.vendor.ptb_urllib3.urllib3.connectionpool:Starting new HTTPS connection (1): api.telegram.org
DEBUG:telegram.ext.dispatcher:Dispatcher started
DEBUG:telegram.vendor.ptb_urllib3.urllib3.connectionpool:https://api.telegram.org:443 "POST /bot426495381:AAG9pSdCmJNgg9_wzTGYGQ8PeUTeAyzfwL8/setWebhook HTTP/1.1" 200 68
DEBUG:telegram.bot:True
DEBUG:telegram.bot:Exiting: set_webhook
DEBUG:telegram.bot:Entering: get_updates
DEBUG:telegram.vendor.ptb_urllib3.urllib3.connectionpool:https://api.telegram.org:443 "POST /bot426495381:AAG9pSdCmJNgg9_wzTGYGQ8PeUTeAyzfwL8/getUpdates HTTP/1.1" 200 393
DEBUG:telegram.bot:Getting updates: [653489576]
DEBUG:telegram.bot:[<telegram.update.Update object at 0x7f2254344828>]
DEBUG:telegram.bot:Exiting: get_updates
DEBUG:telegram.bot:Entering: get_updates
DEBUG:telegram.ext.dispatcher:Processing Update: {'message': {'entities': [{'type': 'bot_command', 'offset': 0, 'length': 6}], 'supergroup_chat_created': False, 'delete_chat_photo': False, 'new_chat_photo': [], 'channel_chat_created': False, 'photo': [], 'date': 1499254800, 'text': '/start', 'from': {'id': 367458916, 'language_code': 'ru-RU', 'last_name': 'Kozlenkov', 'first_name': 'Alexandr', 'username': 'sah4ez'}, 'chat': {'type': 'private', 'id': 367458916, 'last_name': 'Kozlenkov', 'first_name': 'Alexandr', 'username': 'sah4ez'}, 'group_chat_created': False, 'new_chat_members': [], 'message_id': 208, 'new_chat_member': None}, 'update_id': 653489576}
DEBUG:telegram.bot:Entering: get_me
DEBUG:telegram.vendor.ptb_urllib3.urllib3.connectionpool:Starting new HTTPS connection (2): api.telegram.org
DEBUG:telegram.vendor.ptb_urllib3.urllib3.connectionpool:https://api.telegram.org:443 "GET /bot426495381:AAG9pSdCmJNgg9_wzTGYGQ8PeUTeAyzfwL8/getMe HTTP/1.1" 200 82
DEBUG:telegram.bot:{'id': 426495381, 'username': 'Sah4ezBot', 'first_name': 'sah4ez'}
DEBUG:telegram.bot:Exiting: get_me
DEBUG:telegram.bot:Entering: send_message
DEBUG:telegram.vendor.ptb_urllib3.urllib3.connectionpool:https://api.telegram.org:443 "POST /bot426495381:AAG9pSdCmJNgg9_wzTGYGQ8PeUTeAyzfwL8/sendMessage HTTP/1.1" 200 251
DEBUG:telegram.bot:{'entities': [], 'supergroup_chat_created': False, 'delete_chat_photo': False, 'new_chat_photo': [], 'channel_chat_created': False, 'photo': [], 'date': 1499254801, 'text': 'hello!', 'from': {'id': 426495381, 'username': 'Sah4ezBot', 'first_name': 'sah4ez'}, 'chat': {'type': 'private', 'id': 367458916, 'last_name': 'Kozlenkov', 'first_name': 'Alexandr', 'username': 'sah4ez'}, 'group_chat_created': False, 'new_chat_members': [], 'message_id': 209, 'new_chat_member': None}
DEBUG:telegram.bot:Exiting: send_message
DEBUG:telegram.vendor.ptb_urllib3.urllib3.connectionpool:https://api.telegram.org:443 "POST /bot426495381:AAG9pSdCmJNgg9_wzTGYGQ8PeUTeAyzfwL8/getUpdates HTTP/1.1" 200 23
DEBUG:telegram.bot:No new updates found.
DEBUG:telegram.bot:[]
DEBUG:telegram.bot:Exiting: get_updates
DEBUG:telegram.bot:Entering: get_updates
DEBUG:telegram.vendor.ptb_urllib3.urllib3.connectionpool:https://api.telegram.org:443 "POST /bot426495381:AAG9pSdCmJNgg9_wzTGYGQ8PeUTeAyzfwL8/getUpdates HTTP/1.1" 200 23
DEBUG:telegram.bot:No new updates found.
DEBUG:telegram.bot:[]
DEBUG:telegram.bot:Exiting: get_updates
DEBUG:telegram.bot:Entering: get_updates
DEBUG:telegram.vendor.ptb_urllib3.urllib3.connectionpool:https://api.telegram.org:443 "POST /bot426495381:AAG9pSdCmJNgg9_wzTGYGQ8PeUTeAyzfwL8/getUpdates HTTP/1.1" 200 23
DEBUG:telegram.bot:No new updates found.
DEBUG:telegram.bot:[]
DEBUG:telegram.bot:Exiting: get_updates
DEBUG:telegram.bot:Entering: get_updates
DEBUG:telegram.vendor.ptb_urllib3.urllib3.connectionpool:https://api.telegram.org:443 "POST /bot426495381:AAG9pSdCmJNgg9_wzTGYGQ8PeUTeAyzfwL8/getUpdates HTTP/1.1" 200 23
DEBUG:telegram.bot:No new updates found.
DEBUG:telegram.bot:[]
DEBUG:telegram.bot:Exiting: get_updates
DEBUG:telegram.bot:Entering: get_updates
DEBUG:telegram.vendor.ptb_urllib3.urllib3.connectionpool:https://api.telegram.org:443 "POST /bot426495381:AAG9pSdCmJNgg9_wzTGYGQ8PeUTeAyzfwL8/getUpdates HTTP/1.1" 200 23
DEBUG:telegram.bot:No new updates found.
DEBUG:telegram.bot:[]
DEBUG:telegram.bot:Exiting: get_updates
DEBUG:telegram.bot:Entering: get_updates
DEBUG:telegram.vendor.ptb_urllib3.urllib3.connectionpool:https://api.telegram.org:443 "POST /bot426495381:AAG9pSdCmJNgg9_wzTGYGQ8PeUTeAyzfwL8/getUpdates HTTP/1.1" 200 23
DEBUG:telegram.bot:No new updates found.
DEBUG:telegram.bot:[]
DEBUG:telegram.bot:Exiting: get_updates
DEBUG:telegram.bot:Entering: get_updates
DEBUG:telegram.vendor.ptb_urllib3.urllib3.connectionpool:https://api.telegram.org:443 "POST /bot426495381:AAG9pSdCmJNgg9_wzTGYGQ8PeUTeAyzfwL8/getUpdates HTTP/1.1" 200 23
DEBUG:telegram.bot:No new updates found.
DEBUG:telegram.bot:[]
DEBUG:telegram.bot:Exiting: get_updates
DEBUG:telegram.bot:Entering: get_updates
DEBUG:telegram.vendor.ptb_urllib3.urllib3.connectionpool:https://api.telegram.org:443 "POST /bot426495381:AAG9pSdCmJNgg9_wzTGYGQ8PeUTeAyzfwL8/getUpdates HTTP/1.1" 200 23
DEBUG:telegram.bot:No new updates found.
DEBUG:telegram.bot:[]
DEBUG:telegram.bot:Exiting: get_updates
DEBUG:telegram.bot:Entering: get_updates
DEBUG:telegram.vendor.ptb_urllib3.urllib3.connectionpool:https://api.telegram.org:443 "POST /bot426495381:AAG9pSdCmJNgg9_wzTGYGQ8PeUTeAyzfwL8/getUpdates HTTP/1.1" 200 23
DEBUG:telegram.bot:No new updates found.
DEBUG:telegram.bot:[]
DEBUG:telegram.bot:Exiting: get_updates
DEBUG:telegram.bot:Entering: get_updates
DEBUG:telegram.vendor.ptb_urllib3.urllib3.connectionpool:https://api.telegram.org:443 "POST /bot426495381:AAG9pSdCmJNgg9_wzTGYGQ8PeUTeAyzfwL8/getUpdates HTTP/1.1" 200 23
DEBUG:telegram.bot:No new updates found.
DEBUG:telegram.bot:[]
DEBUG:telegram.bot:Exiting: get_updates
DEBUG:telegram.bot:Entering: get_updates
DEBUG:telegram.vendor.ptb_urllib3.urllib3.connectionpool:https://api.telegram.org:443 "POST /bot426495381:AAG9pSdCmJNgg9_wzTGYGQ8PeUTeAyzfwL8/getUpdates HTTP/1.1" 200 23
DEBUG:telegram.bot:No new updates found.
DEBUG:telegram.bot:[]
DEBUG:telegram.bot:Exiting: get_updates
DEBUG:telegram.bot:Entering: get_updates
DEBUG:telegram.vendor.ptb_urllib3.urllib3.connectionpool:https://api.telegram.org:443 "POST /bot426495381:AAG9pSdCmJNgg9_wzTGYGQ8PeUTeAyzfwL8/getUpdates HTTP/1.1" 200 23
DEBUG:telegram.bot:No new updates found.
DEBUG:telegram.bot:[]
DEBUG:telegram.bot:Exiting: get_updates
DEBUG:telegram.bot:Entering: get_updates
DEBUG:telegram.vendor.ptb_urllib3.urllib3.connectionpool:https://api.telegram.org:443 "POST /bot426495381:AAG9pSdCmJNgg9_wzTGYGQ8PeUTeAyzfwL8/getUpdates HTTP/1.1" 200 23
DEBUG:telegram.bot:No new updates found.
DEBUG:telegram.bot:[]
DEBUG:telegram.bot:Exiting: get_updates
DEBUG:telegram.bot:Entering: get_updates
DEBUG:telegram.vendor.ptb_urllib3.urllib3.connectionpool:https://api.telegram.org:443 "POST /bot426495381:AAG9pSdCmJNgg9_wzTGYGQ8PeUTeAyzfwL8/getUpdates HTTP/1.1" 200 23
DEBUG:telegram.bot:No new updates found.
DEBUG:telegram.bot:[]
DEBUG:telegram.bot:Exiting: get_updates
DEBUG:telegram.bot:Entering: get_updates
DEBUG:telegram.vendor.ptb_urllib3.urllib3.connectionpool:https://api.telegram.org:443 "POST /bot426495381:AAG9pSdCmJNgg9_wzTGYGQ8PeUTeAyzfwL8/getUpdates HTTP/1.1" 200 23
DEBUG:telegram.bot:No new updates found.
DEBUG:telegram.bot:[]
DEBUG:telegram.bot:Exiting: get_updates
DEBUG:telegram.bot:Entering: get_updates
DEBUG:JobQueue:JobQueue thread stopped
DEBUG:telegram.ext.updater:Stopping Updater and Dispatcher...
DEBUG:telegram.ext.updater:Requesting Dispatcher to stop...
DEBUG:telegram.ext.dispatcher:orderly stopping
DEBUG:telegram.ext.dispatcher:Dispatcher thread stopped
DEBUG:telegram.ext.updater:dispatcher - ended
DEBUG:telegram.ext.dispatcher:Waiting for async thread 1/4 to end
DEBUG:telegram.ext.dispatcher:Closing run_async thread fbe070e6-b8ee-4b74-b5b7-1c28208ad6ba_1/4
DEBUG:telegram.ext.dispatcher:Closing run_async thread fbe070e6-b8ee-4b74-b5b7-1c28208ad6ba_3/4
DEBUG:telegram.ext.dispatcher:Closing run_async thread fbe070e6-b8ee-4b74-b5b7-1c28208ad6ba_2/4
DEBUG:telegram.ext.dispatcher:async thread 1/4 has ended
DEBUG:telegram.ext.dispatcher:Waiting for async thread 2/4 to end
DEBUG:telegram.ext.dispatcher:Closing run_async thread fbe070e6-b8ee-4b74-b5b7-1c28208ad6ba_0/3
DEBUG:telegram.ext.dispatcher:async thread 2/4 has ended
DEBUG:telegram.ext.dispatcher:Waiting for async thread 3/4 to end
DEBUG:telegram.ext.dispatcher:async thread 3/4 has ended
DEBUG:telegram.ext.dispatcher:Waiting for async thread 4/4 to end
DEBUG:telegram.ext.dispatcher:async thread 4/4 has ended
DEBUG:telegram.ext.updater:Waiting for dispatcher thread to end
DEBUG:telegram.ext.updater:dispatcher thread has ended
DEBUG:telegram.ext.updater:Waiting for updater thread to end
DEBUG:telegram.vendor.ptb_urllib3.urllib3.connectionpool:https://api.telegram.org:443 "POST /bot426495381:AAG9pSdCmJNgg9_wzTGYGQ8PeUTeAyzfwL8/getUpdates HTTP/1.1" 200 23
DEBUG:telegram.bot:No new updates found.
DEBUG:telegram.bot:[]
DEBUG:telegram.bot:Exiting: get_updates
DEBUG:telegram.ext.updater:updater - ended
DEBUG:telegram.ext.updater:updater thread has ended
DEBUG:telegram.ext.dispatcher:Setting singleton dispatcher as <telegram.ext.dispatcher.Dispatcher object at 0x7f24cefe8128>
DEBUG:JobQueue:JobQueue thread started
DEBUG:telegram.ext.updater:dispatcher - started
DEBUG:telegram.ext.updater:updater - started
DEBUG:telegram.ext.updater:Updater thread started
DEBUG:telegram.bot:Entering: set_webhook
DEBUG:telegram.vendor.ptb_urllib3.urllib3.connectionpool:Starting new HTTPS connection (1): api.telegram.org
DEBUG:telegram.ext.dispatcher:Dispatcher started
DEBUG:telegram.vendor.ptb_urllib3.urllib3.connectionpool:https://api.telegram.org:443 "POST /bot426495381:AAG9pSdCmJNgg9_wzTGYGQ8PeUTeAyzfwL8/setWebhook HTTP/1.1" 200 68
DEBUG:telegram.bot:True
DEBUG:telegram.bot:Exiting: set_webhook
DEBUG:telegram.bot:Entering: get_updates
DEBUG:telegram.vendor.ptb_urllib3.urllib3.connectionpool:https://api.telegram.org:443 "POST /bot426495381:AAG9pSdCmJNgg9_wzTGYGQ8PeUTeAyzfwL8/getUpdates HTTP/1.1" 200 23
DEBUG:telegram.bot:No new updates found.
DEBUG:telegram.bot:[]
DEBUG:telegram.bot:Exiting: get_updates
DEBUG:telegram.bot:Entering: get_updates
DEBUG:telegram.vendor.ptb_urllib3.urllib3.connectionpool:https://api.telegram.org:443 "POST /bot426495381:AAG9pSdCmJNgg9_wzTGYGQ8PeUTeAyzfwL8/getUpdates HTTP/1.1" 200 393
DEBUG:telegram.bot:Getting updates: [653489577]
DEBUG:telegram.bot:[<telegram.update.Update object at 0x7f24cc79c9b0>]
DEBUG:telegram.bot:Exiting: get_updates
DEBUG:telegram.bot:Entering: get_updates
DEBUG:telegram.ext.dispatcher:Processing Update: {'message': {'new_chat_member': None, 'supergroup_chat_created': False, 'photo': [], 'entities': [{'length': 6, 'type': 'bot_command', 'offset': 0}], 'group_chat_created': False, 'from': {'last_name': 'Kozlenkov', 'id': 367458916, 'language_code': 'ru-RU', 'username': 'sah4ez', 'first_name': 'Alexandr'}, 'message_id': 210, 'delete_chat_photo': False, 'channel_chat_created': False, 'date': 1499254977, 'text': '/start', 'new_chat_photo': [], 'chat': {'last_name': 'Kozlenkov', 'type': 'private', 'username': 'sah4ez', 'id': 367458916, 'first_name': 'Alexandr'}, 'new_chat_members': []}, 'update_id': 653489577}
DEBUG:telegram.bot:Entering: get_me
DEBUG:telegram.vendor.ptb_urllib3.urllib3.connectionpool:Starting new HTTPS connection (2): api.telegram.org
DEBUG:telegram.vendor.ptb_urllib3.urllib3.connectionpool:https://api.telegram.org:443 "GET /bot426495381:AAG9pSdCmJNgg9_wzTGYGQ8PeUTeAyzfwL8/getMe HTTP/1.1" 200 82
DEBUG:telegram.bot:{'id': 426495381, 'username': 'Sah4ezBot', 'first_name': 'sah4ez'}
DEBUG:telegram.bot:Exiting: get_me
DEBUG:telegram.bot:Entering: send_message
DEBUG:telegram.vendor.ptb_urllib3.urllib3.connectionpool:https://api.telegram.org:443 "POST /bot426495381:AAG9pSdCmJNgg9_wzTGYGQ8PeUTeAyzfwL8/sendMessage HTTP/1.1" 400 134
WARNING:telegram.ext.dispatcher:A TelegramError was raised while processing the Update.
WARNING:__main__:Update "{'message': {'new_chat_member': None, 'supergroup_chat_created': False, 'photo': [], 'entities': [{'length': 6, 'type': 'bot_command', 'offset': 0}], 'group_chat_created': False, 'from': {'last_name': 'Kozlenkov', 'id': 367458916, 'language_code': 'ru-RU', 'username': 'sah4ez', 'first_name': 'Alexandr'}, 'message_id': 210, 'delete_chat_photo': False, 'channel_chat_created': False, 'date': 1499254977, 'text': '/start', 'new_chat_photo': [], 'chat': {'last_name': 'Kozlenkov', 'type': 'private', 'username': 'sah4ez', 'id': 367458916, 'first_name': 'Alexandr'}, 'new_chat_members': []}, 'update_id': 653489577}" caused error "Can't parse keyboard button: keyboardbutton should be a string or an object"
DEBUG:telegram.vendor.ptb_urllib3.urllib3.connectionpool:https://api.telegram.org:443 "POST /bot426495381:AAG9pSdCmJNgg9_wzTGYGQ8PeUTeAyzfwL8/getUpdates HTTP/1.1" 200 23
DEBUG:telegram.bot:No new updates found.
DEBUG:telegram.bot:[]
DEBUG:telegram.bot:Exiting: get_updates
DEBUG:telegram.bot:Entering: get_updates
DEBUG:telegram.vendor.ptb_urllib3.urllib3.connectionpool:https://api.telegram.org:443 "POST /bot426495381:AAG9pSdCmJNgg9_wzTGYGQ8PeUTeAyzfwL8/getUpdates HTTP/1.1" 200 23
DEBUG:telegram.bot:No new updates found.
DEBUG:telegram.bot:[]
DEBUG:telegram.bot:Exiting: get_updates
DEBUG:telegram.bot:Entering: get_updates
DEBUG:telegram.vendor.ptb_urllib3.urllib3.connectionpool:https://api.telegram.org:443 "POST /bot426495381:AAG9pSdCmJNgg9_wzTGYGQ8PeUTeAyzfwL8/getUpdates HTTP/1.1" 200 23
DEBUG:telegram.bot:No new updates found.
DEBUG:telegram.bot:[]
DEBUG:telegram.bot:Exiting: get_updates
DEBUG:telegram.bot:Entering: get_updates
DEBUG:telegram.vendor.ptb_urllib3.urllib3.connectionpool:https://api.telegram.org:443 "POST /bot426495381:AAG9pSdCmJNgg9_wzTGYGQ8PeUTeAyzfwL8/getUpdates HTTP/1.1" 200 23
DEBUG:telegram.bot:No new updates found.
DEBUG:telegram.bot:[]
DEBUG:telegram.bot:Exiting: get_updates
DEBUG:telegram.bot:Entering: get_updates
DEBUG:telegram.vendor.ptb_urllib3.urllib3.connectionpool:https://api.telegram.org:443 "POST /bot426495381:AAG9pSdCmJNgg9_wzTGYGQ8PeUTeAyzfwL8/getUpdates HTTP/1.1" 200 23
DEBUG:telegram.bot:No new updates found.
DEBUG:telegram.bot:[]
DEBUG:telegram.bot:Exiting: get_updates
DEBUG:telegram.bot:Entering: get_updates
DEBUG:telegram.vendor.ptb_urllib3.urllib3.connectionpool:https://api.telegram.org:443 "POST /bot426495381:AAG9pSdCmJNgg9_wzTGYGQ8PeUTeAyzfwL8/getUpdates HTTP/1.1" 200 23
DEBUG:telegram.bot:No new updates found.
DEBUG:telegram.bot:[]
DEBUG:telegram.bot:Exiting: get_updates
DEBUG:telegram.bot:Entering: get_updates
DEBUG:telegram.vendor.ptb_urllib3.urllib3.connectionpool:https://api.telegram.org:443 "POST /bot426495381:AAG9pSdCmJNgg9_wzTGYGQ8PeUTeAyzfwL8/getUpdates HTTP/1.1" 200 23
DEBUG:telegram.bot:No new updates found.
DEBUG:telegram.bot:[]
DEBUG:telegram.bot:Exiting: get_updates
DEBUG:telegram.bot:Entering: get_updates
DEBUG:telegram.vendor.ptb_urllib3.urllib3.connectionpool:https://api.telegram.org:443 "POST /bot426495381:AAG9pSdCmJNgg9_wzTGYGQ8PeUTeAyzfwL8/getUpdates HTTP/1.1" 200 23
DEBUG:telegram.bot:No new updates found.
DEBUG:telegram.bot:[]
DEBUG:telegram.bot:Exiting: get_updates
DEBUG:telegram.bot:Entering: get_updates
DEBUG:JobQueue:JobQueue thread stopped
DEBUG:telegram.ext.updater:Stopping Updater and Dispatcher...
DEBUG:telegram.ext.updater:Requesting Dispatcher to stop...
DEBUG:telegram.ext.dispatcher:orderly stopping
DEBUG:telegram.ext.dispatcher:Dispatcher thread stopped
DEBUG:telegram.ext.updater:dispatcher - ended
DEBUG:telegram.ext.dispatcher:Waiting for async thread 1/4 to end
DEBUG:telegram.ext.dispatcher:Closing run_async thread f0d6b7f6-8874-4303-8dba-1b3e8577a3b8_0/4
DEBUG:telegram.ext.dispatcher:Closing run_async thread f0d6b7f6-8874-4303-8dba-1b3e8577a3b8_2/4
DEBUG:telegram.ext.dispatcher:Closing run_async thread f0d6b7f6-8874-4303-8dba-1b3e8577a3b8_3/4
DEBUG:telegram.ext.dispatcher:Closing run_async thread f0d6b7f6-8874-4303-8dba-1b3e8577a3b8_1/4
DEBUG:telegram.ext.dispatcher:async thread 1/4 has ended
DEBUG:telegram.ext.dispatcher:Waiting for async thread 2/4 to end
DEBUG:telegram.ext.dispatcher:async thread 2/4 has ended
DEBUG:telegram.ext.dispatcher:Waiting for async thread 3/4 to end
DEBUG:telegram.ext.dispatcher:async thread 3/4 has ended
DEBUG:telegram.ext.dispatcher:Waiting for async thread 4/4 to end
DEBUG:telegram.ext.dispatcher:async thread 4/4 has ended
DEBUG:telegram.ext.updater:Waiting for dispatcher thread to end
DEBUG:telegram.ext.updater:dispatcher thread has ended
DEBUG:telegram.ext.updater:Waiting for updater thread to end
DEBUG:telegram.vendor.ptb_urllib3.urllib3.connectionpool:https://api.telegram.org:443 "POST /bot426495381:AAG9pSdCmJNgg9_wzTGYGQ8PeUTeAyzfwL8/getUpdates HTTP/1.1" 200 23
DEBUG:telegram.bot:No new updates found.
DEBUG:telegram.bot:[]
DEBUG:telegram.bot:Exiting: get_updates
DEBUG:telegram.ext.updater:updater - ended
DEBUG:telegram.ext.updater:updater thread has ended
DEBUG:telegram.ext.dispatcher:Setting singleton dispatcher as <telegram.ext.dispatcher.Dispatcher object at 0x7ff0341370f0>
DEBUG:JobQueue:JobQueue thread started
DEBUG:telegram.ext.updater:dispatcher - started
DEBUG:telegram.ext.updater:updater - started
DEBUG:telegram.ext.updater:Updater thread started
DEBUG:telegram.bot:Entering: set_webhook
DEBUG:telegram.vendor.ptb_urllib3.urllib3.connectionpool:Starting new HTTPS connection (1): api.telegram.org
DEBUG:telegram.ext.dispatcher:Dispatcher started
DEBUG:telegram.vendor.ptb_urllib3.urllib3.connectionpool:https://api.telegram.org:443 "POST /bot426495381:AAG9pSdCmJNgg9_wzTGYGQ8PeUTeAyzfwL8/setWebhook HTTP/1.1" 200 68
DEBUG:telegram.bot:True
DEBUG:telegram.bot:Exiting: set_webhook
DEBUG:telegram.bot:Entering: get_updates
DEBUG:telegram.vendor.ptb_urllib3.urllib3.connectionpool:https://api.telegram.org:443 "POST /bot426495381:AAG9pSdCmJNgg9_wzTGYGQ8PeUTeAyzfwL8/getUpdates HTTP/1.1" 200 393
DEBUG:telegram.bot:Getting updates: [653489578]
DEBUG:telegram.bot:[<telegram.update.Update object at 0x7ff0340ef0f0>]
DEBUG:telegram.bot:Exiting: get_updates
DEBUG:telegram.bot:Entering: get_updates
DEBUG:telegram.ext.dispatcher:Processing Update: {'update_id': 653489578, 'message': {'supergroup_chat_created': False, 'from': {'first_name': 'Alexandr', 'last_name': 'Kozlenkov', 'id': 367458916, 'language_code': 'ru-RU', 'username': 'sah4ez'}, 'group_chat_created': False, 'delete_chat_photo': False, 'entities': [{'offset': 0, 'type': 'bot_command', 'length': 6}], 'photo': [], 'new_chat_members': [], 'text': '/start', 'date': 1499255073, 'new_chat_member': None, 'channel_chat_created': False, 'chat': {'id': 367458916, 'first_name': 'Alexandr', 'last_name': 'Kozlenkov', 'type': 'private', 'username': 'sah4ez'}, 'new_chat_photo': [], 'message_id': 211}}
DEBUG:telegram.bot:Entering: get_me
DEBUG:telegram.vendor.ptb_urllib3.urllib3.connectionpool:Starting new HTTPS connection (2): api.telegram.org
DEBUG:telegram.vendor.ptb_urllib3.urllib3.connectionpool:https://api.telegram.org:443 "GET /bot426495381:AAG9pSdCmJNgg9_wzTGYGQ8PeUTeAyzfwL8/getMe HTTP/1.1" 200 82
DEBUG:telegram.bot:{'first_name': 'sah4ez', 'id': 426495381, 'username': 'Sah4ezBot'}
DEBUG:telegram.bot:Exiting: get_me
DEBUG:telegram.bot:Entering: send_message
DEBUG:telegram.vendor.ptb_urllib3.urllib3.connectionpool:https://api.telegram.org:443 "POST /bot426495381:AAG9pSdCmJNgg9_wzTGYGQ8PeUTeAyzfwL8/sendMessage HTTP/1.1" 200 251
DEBUG:telegram.bot:{'supergroup_chat_created': False, 'from': {'first_name': 'sah4ez', 'id': 426495381, 'username': 'Sah4ezBot'}, 'group_chat_created': False, 'delete_chat_photo': False, 'entities': [], 'photo': [], 'new_chat_members': [], 'text': 'hello!', 'date': 1499255073, 'new_chat_member': None, 'channel_chat_created': False, 'chat': {'id': 367458916, 'first_name': 'Alexandr', 'last_name': 'Kozlenkov', 'type': 'private', 'username': 'sah4ez'}, 'new_chat_photo': [], 'message_id': 212}
DEBUG:telegram.bot:Exiting: send_message
DEBUG:telegram.vendor.ptb_urllib3.urllib3.connectionpool:https://api.telegram.org:443 "POST /bot426495381:AAG9pSdCmJNgg9_wzTGYGQ8PeUTeAyzfwL8/getUpdates HTTP/1.1" 200 23
DEBUG:telegram.bot:No new updates found.
DEBUG:telegram.bot:[]
DEBUG:telegram.bot:Exiting: get_updates
DEBUG:telegram.bot:Entering: get_updates
DEBUG:telegram.vendor.ptb_urllib3.urllib3.connectionpool:https://api.telegram.org:443 "POST /bot426495381:AAG9pSdCmJNgg9_wzTGYGQ8PeUTeAyzfwL8/getUpdates HTTP/1.1" 200 23
DEBUG:telegram.bot:No new updates found.
DEBUG:telegram.bot:[]
DEBUG:telegram.bot:Exiting: get_updates
DEBUG:telegram.bot:Entering: get_updates
DEBUG:telegram.vendor.ptb_urllib3.urllib3.connectionpool:https://api.telegram.org:443 "POST /bot426495381:AAG9pSdCmJNgg9_wzTGYGQ8PeUTeAyzfwL8/getUpdates HTTP/1.1" 200 23
DEBUG:telegram.bot:No new updates found.
DEBUG:telegram.bot:[]
DEBUG:telegram.bot:Exiting: get_updates
DEBUG:telegram.bot:Entering: get_updates
DEBUG:telegram.vendor.ptb_urllib3.urllib3.connectionpool:https://api.telegram.org:443 "POST /bot426495381:AAG9pSdCmJNgg9_wzTGYGQ8PeUTeAyzfwL8/getUpdates HTTP/1.1" 200 23
DEBUG:telegram.bot:No new updates found.
DEBUG:telegram.bot:[]
DEBUG:telegram.bot:Exiting: get_updates
DEBUG:telegram.bot:Entering: get_updates
DEBUG:telegram.vendor.ptb_urllib3.urllib3.connectionpool:https://api.telegram.org:443 "POST /bot426495381:AAG9pSdCmJNgg9_wzTGYGQ8PeUTeAyzfwL8/getUpdates HTTP/1.1" 200 23
DEBUG:telegram.bot:No new updates found.
DEBUG:telegram.bot:[]
DEBUG:telegram.bot:Exiting: get_updates
DEBUG:telegram.bot:Entering: get_updates
DEBUG:telegram.vendor.ptb_urllib3.urllib3.connectionpool:https://api.telegram.org:443 "POST /bot426495381:AAG9pSdCmJNgg9_wzTGYGQ8PeUTeAyzfwL8/getUpdates HTTP/1.1" 200 23
DEBUG:telegram.bot:No new updates found.
DEBUG:telegram.bot:[]
DEBUG:telegram.bot:Exiting: get_updates
DEBUG:telegram.bot:Entering: get_updates
DEBUG:telegram.ext.dispatcher:Setting singleton dispatcher as <telegram.ext.dispatcher.Dispatcher object at 0x7f0385a430f0>
DEBUG:JobQueue:JobQueue thread started
DEBUG:telegram.ext.updater:dispatcher - started
DEBUG:telegram.ext.updater:updater - started
DEBUG:telegram.ext.updater:Updater thread started
DEBUG:telegram.bot:Entering: set_webhook
DEBUG:telegram.vendor.ptb_urllib3.urllib3.connectionpool:Starting new HTTPS connection (1): api.telegram.org
DEBUG:telegram.ext.dispatcher:Dispatcher started
DEBUG:telegram.vendor.ptb_urllib3.urllib3.connectionpool:https://api.telegram.org:443 "POST /bot426495381:AAG9pSdCmJNgg9_wzTGYGQ8PeUTeAyzfwL8/setWebhook HTTP/1.1" 200 68
DEBUG:telegram.bot:True
DEBUG:telegram.bot:Exiting: set_webhook
DEBUG:telegram.bot:Entering: get_updates
DEBUG:telegram.vendor.ptb_urllib3.urllib3.connectionpool:https://api.telegram.org:443 "POST /bot426495381:AAG9pSdCmJNgg9_wzTGYGQ8PeUTeAyzfwL8/getUpdates HTTP/1.1" 409 96
ERROR:telegram.ext.updater:Error while getting Updates: Conflict: terminated by other long poll or webhook (409)
DEBUG:telegram.ext.dispatcher:Processing Update: Conflict: terminated by other long poll or webhook (409)
WARNING:__main__:Update "None" caused error "Conflict: terminated by other long poll or webhook (409)"
DEBUG:telegram.bot:Entering: get_updates
DEBUG:telegram.vendor.ptb_urllib3.urllib3.connectionpool:https://api.telegram.org:443 "POST /bot426495381:AAG9pSdCmJNgg9_wzTGYGQ8PeUTeAyzfwL8/getUpdates HTTP/1.1" 409 96
ERROR:telegram.ext.updater:Error while getting Updates: Conflict: terminated by other long poll or webhook (409)
DEBUG:telegram.ext.dispatcher:Processing Update: Conflict: terminated by other long poll or webhook (409)
WARNING:__main__:Update "None" caused error "Conflict: terminated by other long poll or webhook (409)"
DEBUG:JobQueue:JobQueue thread stopped
DEBUG:telegram.ext.updater:Stopping Updater and Dispatcher...
DEBUG:telegram.ext.updater:Requesting Dispatcher to stop...
DEBUG:telegram.ext.dispatcher:orderly stopping
DEBUG:telegram.ext.dispatcher:Dispatcher thread stopped
DEBUG:telegram.ext.updater:dispatcher - ended
DEBUG:telegram.ext.updater:updater - ended
DEBUG:telegram.ext.dispatcher:Waiting for async thread 1/4 to end
DEBUG:telegram.ext.dispatcher:Closing run_async thread 3ba6cb9f-e4f3-4718-ae0b-744f65d12bf8_0/4
DEBUG:telegram.ext.dispatcher:async thread 1/4 has ended
DEBUG:telegram.ext.dispatcher:Waiting for async thread 2/4 to end
DEBUG:telegram.ext.dispatcher:Closing run_async thread 3ba6cb9f-e4f3-4718-ae0b-744f65d12bf8_2/3
DEBUG:telegram.ext.dispatcher:Closing run_async thread 3ba6cb9f-e4f3-4718-ae0b-744f65d12bf8_3/3
DEBUG:telegram.ext.dispatcher:Closing run_async thread 3ba6cb9f-e4f3-4718-ae0b-744f65d12bf8_1/3
DEBUG:telegram.ext.dispatcher:async thread 2/4 has ended
DEBUG:telegram.ext.dispatcher:Waiting for async thread 3/4 to end
DEBUG:telegram.ext.dispatcher:async thread 3/4 has ended
DEBUG:telegram.ext.dispatcher:Waiting for async thread 4/4 to end
DEBUG:telegram.ext.dispatcher:async thread 4/4 has ended
DEBUG:telegram.ext.updater:Waiting for dispatcher thread to end
DEBUG:telegram.ext.updater:dispatcher thread has ended
DEBUG:telegram.ext.updater:Waiting for updater thread to end
DEBUG:telegram.ext.updater:updater thread has ended
DEBUG:JobQueue:JobQueue thread stopped
DEBUG:telegram.ext.updater:Stopping Updater and Dispatcher...
DEBUG:telegram.ext.updater:Requesting Dispatcher to stop...
DEBUG:telegram.ext.dispatcher:orderly stopping
DEBUG:telegram.ext.dispatcher:Dispatcher thread stopped
DEBUG:telegram.ext.updater:dispatcher - ended
DEBUG:telegram.ext.dispatcher:Waiting for async thread 1/4 to end
DEBUG:telegram.ext.dispatcher:Closing run_async thread 3dc00478-34d6-4403-bfd2-6b33b00471b3_1/4
DEBUG:telegram.ext.dispatcher:Closing run_async thread 3dc00478-34d6-4403-bfd2-6b33b00471b3_2/4
DEBUG:telegram.ext.dispatcher:Closing run_async thread 3dc00478-34d6-4403-bfd2-6b33b00471b3_3/4
DEBUG:telegram.ext.dispatcher:Closing run_async thread 3dc00478-34d6-4403-bfd2-6b33b00471b3_0/4
DEBUG:telegram.ext.dispatcher:async thread 1/4 has ended
DEBUG:telegram.ext.dispatcher:Waiting for async thread 2/4 to end
DEBUG:telegram.ext.dispatcher:async thread 2/4 has ended
DEBUG:telegram.ext.dispatcher:Waiting for async thread 3/4 to end
DEBUG:telegram.ext.dispatcher:async thread 3/4 has ended
DEBUG:telegram.ext.dispatcher:Waiting for async thread 4/4 to end
DEBUG:telegram.ext.dispatcher:async thread 4/4 has ended
DEBUG:telegram.ext.updater:Waiting for dispatcher thread to end
DEBUG:telegram.ext.updater:dispatcher thread has ended
DEBUG:telegram.ext.updater:Waiting for updater thread to end
DEBUG:telegram.vendor.ptb_urllib3.urllib3.connectionpool:https://api.telegram.org:443 "POST /bot426495381:AAG9pSdCmJNgg9_wzTGYGQ8PeUTeAyzfwL8/getUpdates HTTP/1.1" 200 23
DEBUG:telegram.bot:No new updates found.
DEBUG:telegram.bot:[]
DEBUG:telegram.bot:Exiting: get_updates
DEBUG:telegram.ext.updater:updater - ended
DEBUG:telegram.ext.updater:updater thread has ended
DEBUG:telegram.ext.dispatcher:Setting singleton dispatcher as <telegram.ext.dispatcher.Dispatcher object at 0x7f49cfda5128>
DEBUG:JobQueue:JobQueue thread started
DEBUG:telegram.ext.updater:dispatcher - started
DEBUG:telegram.ext.updater:updater - started
DEBUG:telegram.ext.updater:Updater thread started
DEBUG:telegram.bot:Entering: set_webhook
DEBUG:telegram.vendor.ptb_urllib3.urllib3.connectionpool:Starting new HTTPS connection (1): api.telegram.org
DEBUG:telegram.ext.dispatcher:Dispatcher started
DEBUG:telegram.vendor.ptb_urllib3.urllib3.connectionpool:https://api.telegram.org:443 "POST /bot426495381:AAG9pSdCmJNgg9_wzTGYGQ8PeUTeAyzfwL8/setWebhook HTTP/1.1" 200 68
DEBUG:telegram.bot:True
DEBUG:telegram.bot:Exiting: set_webhook
DEBUG:telegram.bot:Entering: get_updates
DEBUG:telegram.vendor.ptb_urllib3.urllib3.connectionpool:https://api.telegram.org:443 "POST /bot426495381:AAG9pSdCmJNgg9_wzTGYGQ8PeUTeAyzfwL8/getUpdates HTTP/1.1" 200 23
DEBUG:telegram.bot:No new updates found.
DEBUG:telegram.bot:[]
DEBUG:telegram.bot:Exiting: get_updates
DEBUG:telegram.bot:Entering: get_updates
DEBUG:telegram.vendor.ptb_urllib3.urllib3.connectionpool:https://api.telegram.org:443 "POST /bot426495381:AAG9pSdCmJNgg9_wzTGYGQ8PeUTeAyzfwL8/getUpdates HTTP/1.1" 200 23
DEBUG:telegram.bot:No new updates found.
DEBUG:telegram.bot:[]
DEBUG:telegram.bot:Exiting: get_updates
DEBUG:telegram.bot:Entering: get_updates
DEBUG:telegram.vendor.ptb_urllib3.urllib3.connectionpool:https://api.telegram.org:443 "POST /bot426495381:AAG9pSdCmJNgg9_wzTGYGQ8PeUTeAyzfwL8/getUpdates HTTP/1.1" 200 23
DEBUG:telegram.bot:No new updates found.
DEBUG:telegram.bot:[]
DEBUG:telegram.bot:Exiting: get_updates
DEBUG:telegram.bot:Entering: get_updates
DEBUG:telegram.vendor.ptb_urllib3.urllib3.connectionpool:https://api.telegram.org:443 "POST /bot426495381:AAG9pSdCmJNgg9_wzTGYGQ8PeUTeAyzfwL8/getUpdates HTTP/1.1" 200 23
DEBUG:telegram.bot:No new updates found.
DEBUG:telegram.bot:[]
DEBUG:telegram.bot:Exiting: get_updates
DEBUG:telegram.bot:Entering: get_updates
DEBUG:telegram.vendor.ptb_urllib3.urllib3.connectionpool:https://api.telegram.org:443 "POST /bot426495381:AAG9pSdCmJNgg9_wzTGYGQ8PeUTeAyzfwL8/getUpdates HTTP/1.1" 200 23
DEBUG:telegram.bot:No new updates found.
DEBUG:telegram.bot:[]
DEBUG:telegram.bot:Exiting: get_updates
DEBUG:telegram.bot:Entering: get_updates
DEBUG:telegram.vendor.ptb_urllib3.urllib3.connectionpool:https://api.telegram.org:443 "POST /bot426495381:AAG9pSdCmJNgg9_wzTGYGQ8PeUTeAyzfwL8/getUpdates HTTP/1.1" 200 23
DEBUG:telegram.bot:No new updates found.
DEBUG:telegram.bot:[]
DEBUG:telegram.bot:Exiting: get_updates
DEBUG:telegram.bot:Entering: get_updates
DEBUG:telegram.vendor.ptb_urllib3.urllib3.connectionpool:https://api.telegram.org:443 "POST /bot426495381:AAG9pSdCmJNgg9_wzTGYGQ8PeUTeAyzfwL8/getUpdates HTTP/1.1" 200 23
DEBUG:telegram.bot:No new updates found.
DEBUG:telegram.bot:[]
DEBUG:telegram.bot:Exiting: get_updates
DEBUG:telegram.bot:Entering: get_updates
DEBUG:telegram.vendor.ptb_urllib3.urllib3.connectionpool:https://api.telegram.org:443 "POST /bot426495381:AAG9pSdCmJNgg9_wzTGYGQ8PeUTeAyzfwL8/getUpdates HTTP/1.1" 200 23
DEBUG:telegram.bot:No new updates found.
DEBUG:telegram.bot:[]
DEBUG:telegram.bot:Exiting: get_updates
DEBUG:telegram.bot:Entering: get_updates
DEBUG:telegram.vendor.ptb_urllib3.urllib3.connectionpool:https://api.telegram.org:443 "POST /bot426495381:AAG9pSdCmJNgg9_wzTGYGQ8PeUTeAyzfwL8/getUpdates HTTP/1.1" 200 23
DEBUG:telegram.bot:No new updates found.
DEBUG:telegram.bot:[]
DEBUG:telegram.bot:Exiting: get_updates
DEBUG:telegram.bot:Entering: get_updates
DEBUG:telegram.vendor.ptb_urllib3.urllib3.connectionpool:https://api.telegram.org:443 "POST /bot426495381:AAG9pSdCmJNgg9_wzTGYGQ8PeUTeAyzfwL8/getUpdates HTTP/1.1" 200 23
DEBUG:telegram.bot:No new updates found.
DEBUG:telegram.bot:[]
DEBUG:telegram.bot:Exiting: get_updates
DEBUG:telegram.bot:Entering: get_updates
DEBUG:telegram.vendor.ptb_urllib3.urllib3.connectionpool:https://api.telegram.org:443 "POST /bot426495381:AAG9pSdCmJNgg9_wzTGYGQ8PeUTeAyzfwL8/getUpdates HTTP/1.1" 200 23
DEBUG:telegram.bot:No new updates found.
DEBUG:telegram.bot:[]
DEBUG:telegram.bot:Exiting: get_updates
DEBUG:telegram.bot:Entering: get_updates
DEBUG:telegram.vendor.ptb_urllib3.urllib3.connectionpool:https://api.telegram.org:443 "POST /bot426495381:AAG9pSdCmJNgg9_wzTGYGQ8PeUTeAyzfwL8/getUpdates HTTP/1.1" 200 23
DEBUG:telegram.bot:No new updates found.
DEBUG:telegram.bot:[]
DEBUG:telegram.bot:Exiting: get_updates
DEBUG:telegram.bot:Entering: get_updates
DEBUG:telegram.vendor.ptb_urllib3.urllib3.connectionpool:https://api.telegram.org:443 "POST /bot426495381:AAG9pSdCmJNgg9_wzTGYGQ8PeUTeAyzfwL8/getUpdates HTTP/1.1" 200 23
DEBUG:telegram.bot:No new updates found.
DEBUG:telegram.bot:[]
DEBUG:telegram.bot:Exiting: get_updates
DEBUG:telegram.bot:Entering: get_updates
DEBUG:telegram.vendor.ptb_urllib3.urllib3.connectionpool:https://api.telegram.org:443 "POST /bot426495381:AAG9pSdCmJNgg9_wzTGYGQ8PeUTeAyzfwL8/getUpdates HTTP/1.1" 200 23
DEBUG:telegram.bot:No new updates found.
DEBUG:telegram.bot:[]
DEBUG:telegram.bot:Exiting: get_updates
DEBUG:telegram.bot:Entering: get_updates
DEBUG:telegram.vendor.ptb_urllib3.urllib3.connectionpool:https://api.telegram.org:443 "POST /bot426495381:AAG9pSdCmJNgg9_wzTGYGQ8PeUTeAyzfwL8/getUpdates HTTP/1.1" 200 23
DEBUG:telegram.bot:No new updates found.
DEBUG:telegram.bot:[]
DEBUG:telegram.bot:Exiting: get_updates
DEBUG:telegram.bot:Entering: get_updates
DEBUG:telegram.vendor.ptb_urllib3.urllib3.connectionpool:https://api.telegram.org:443 "POST /bot426495381:AAG9pSdCmJNgg9_wzTGYGQ8PeUTeAyzfwL8/getUpdates HTTP/1.1" 200 23
DEBUG:telegram.bot:No new updates found.
DEBUG:telegram.bot:[]
DEBUG:telegram.bot:Exiting: get_updates
DEBUG:telegram.bot:Entering: get_updates
DEBUG:telegram.vendor.ptb_urllib3.urllib3.connectionpool:https://api.telegram.org:443 "POST /bot426495381:AAG9pSdCmJNgg9_wzTGYGQ8PeUTeAyzfwL8/getUpdates HTTP/1.1" 200 23
DEBUG:telegram.bot:No new updates found.
DEBUG:telegram.bot:[]
DEBUG:telegram.bot:Exiting: get_updates
DEBUG:telegram.bot:Entering: get_updates
DEBUG:telegram.vendor.ptb_urllib3.urllib3.connectionpool:https://api.telegram.org:443 "POST /bot426495381:AAG9pSdCmJNgg9_wzTGYGQ8PeUTeAyzfwL8/getUpdates HTTP/1.1" 200 23
DEBUG:telegram.bot:No new updates found.
DEBUG:telegram.bot:[]
DEBUG:telegram.bot:Exiting: get_updates
DEBUG:telegram.bot:Entering: get_updates
DEBUG:telegram.vendor.ptb_urllib3.urllib3.connectionpool:https://api.telegram.org:443 "POST /bot426495381:AAG9pSdCmJNgg9_wzTGYGQ8PeUTeAyzfwL8/getUpdates HTTP/1.1" 200 23
DEBUG:telegram.bot:No new updates found.
DEBUG:telegram.bot:[]
DEBUG:telegram.bot:Exiting: get_updates
DEBUG:telegram.bot:Entering: get_updates
DEBUG:telegram.vendor.ptb_urllib3.urllib3.connectionpool:https://api.telegram.org:443 "POST /bot426495381:AAG9pSdCmJNgg9_wzTGYGQ8PeUTeAyzfwL8/getUpdates HTTP/1.1" 200 432
DEBUG:telegram.bot:Getting updates: [653489579]
DEBUG:telegram.bot:[<telegram.update.Update object at 0x7f49cc55f6d8>]
DEBUG:telegram.bot:Exiting: get_updates
DEBUG:telegram.bot:Entering: get_updates
DEBUG:telegram.ext.dispatcher:Processing Update: {'update_id': 653489579, 'message': {'text': 'Рассчитать ипотеку', 'group_chat_created': False, 'from': {'username': 'sah4ez', 'last_name': 'Kozlenkov', 'first_name': 'Alexandr', 'id': 367458916, 'language_code': 'ru-RU'}, 'new_chat_member': None, 'channel_chat_created': False, 'new_chat_members': [], 'photo': [], 'entities': [], 'chat': {'username': 'sah4ez', 'last_name': 'Kozlenkov', 'type': 'private', 'id': 367458916, 'first_name': 'Alexandr'}, 'message_id': 213, 'date': 1499255361, 'delete_chat_photo': False, 'new_chat_photo': [], 'supergroup_chat_created': False}}
DEBUG:telegram.bot:Entering: get_me
DEBUG:telegram.vendor.ptb_urllib3.urllib3.connectionpool:Starting new HTTPS connection (2): api.telegram.org
DEBUG:telegram.vendor.ptb_urllib3.urllib3.connectionpool:https://api.telegram.org:443 "GET /bot426495381:AAG9pSdCmJNgg9_wzTGYGQ8PeUTeAyzfwL8/getMe HTTP/1.1" 200 82
DEBUG:telegram.bot:{'username': 'Sah4ezBot', 'first_name': 'sah4ez', 'id': 426495381}
DEBUG:telegram.bot:Exiting: get_me
DEBUG:telegram.bot:Entering: send_message
DEBUG:telegram.vendor.ptb_urllib3.urllib3.connectionpool:https://api.telegram.org:443 "POST /bot426495381:AAG9pSdCmJNgg9_wzTGYGQ8PeUTeAyzfwL8/sendMessage HTTP/1.1" 200 260
DEBUG:telegram.bot:{'text': 'ipoteka-ipoteka', 'group_chat_created': False, 'from': {'username': 'Sah4ezBot', 'first_name': 'sah4ez', 'id': 426495381}, 'new_chat_member': None, 'channel_chat_created': False, 'new_chat_members': [], 'photo': [], 'entities': [], 'chat': {'username': 'sah4ez', 'last_name': 'Kozlenkov', 'type': 'private', 'id': 367458916, 'first_name': 'Alexandr'}, 'message_id': 214, 'date': 1499255362, 'delete_chat_photo': False, 'new_chat_photo': [], 'supergroup_chat_created': False}
DEBUG:telegram.bot:Exiting: send_message
DEBUG:telegram.vendor.ptb_urllib3.urllib3.connectionpool:https://api.telegram.org:443 "POST /bot426495381:AAG9pSdCmJNgg9_wzTGYGQ8PeUTeAyzfwL8/getUpdates HTTP/1.1" 200 334
DEBUG:telegram.bot:Getting updates: [653489580]
DEBUG:telegram.bot:[<telegram.update.Update object at 0x7f49cc56a2e8>]
DEBUG:telegram.bot:Exiting: get_updates
DEBUG:telegram.bot:Entering: get_updates
DEBUG:telegram.ext.dispatcher:Processing Update: {'update_id': 653489580, 'message': {'text': 'fdsfs', 'group_chat_created': False, 'from': {'username': 'sah4ez', 'last_name': 'Kozlenkov', 'first_name': 'Alexandr', 'id': 367458916, 'language_code': 'ru-RU'}, 'new_chat_member': None, 'channel_chat_created': False, 'new_chat_members': [], 'photo': [], 'entities': [], 'chat': {'username': 'sah4ez', 'last_name': 'Kozlenkov', 'type': 'private', 'id': 367458916, 'first_name': 'Alexandr'}, 'message_id': 215, 'date': 1499255363, 'delete_chat_photo': False, 'new_chat_photo': [], 'supergroup_chat_created': False}}
DEBUG:telegram.vendor.ptb_urllib3.urllib3.connectionpool:https://api.telegram.org:443 "POST /bot426495381:AAG9pSdCmJNgg9_wzTGYGQ8PeUTeAyzfwL8/getUpdates HTTP/1.1" 200 23
DEBUG:telegram.bot:No new updates found.
DEBUG:telegram.bot:[]
DEBUG:telegram.bot:Exiting: get_updates
DEBUG:telegram.bot:Entering: get_updates
DEBUG:telegram.vendor.ptb_urllib3.urllib3.connectionpool:https://api.telegram.org:443 "POST /bot426495381:AAG9pSdCmJNgg9_wzTGYGQ8PeUTeAyzfwL8/getUpdates HTTP/1.1" 200 23
DEBUG:telegram.bot:No new updates found.
DEBUG:telegram.bot:[]
DEBUG:telegram.bot:Exiting: get_updates
DEBUG:telegram.bot:Entering: get_updates
DEBUG:telegram.vendor.ptb_urllib3.urllib3.connectionpool:https://api.telegram.org:443 "POST /bot426495381:AAG9pSdCmJNgg9_wzTGYGQ8PeUTeAyzfwL8/getUpdates HTTP/1.1" 200 23
DEBUG:telegram.bot:No new updates found.
DEBUG:telegram.bot:[]
DEBUG:telegram.bot:Exiting: get_updates
DEBUG:telegram.bot:Entering: get_updates
DEBUG:telegram.vendor.ptb_urllib3.urllib3.connectionpool:https://api.telegram.org:443 "POST /bot426495381:AAG9pSdCmJNgg9_wzTGYGQ8PeUTeAyzfwL8/getUpdates HTTP/1.1" 200 23
DEBUG:telegram.bot:No new updates found.
DEBUG:telegram.bot:[]
DEBUG:telegram.bot:Exiting: get_updates
DEBUG:telegram.bot:Entering: get_updates
DEBUG:telegram.vendor.ptb_urllib3.urllib3.connectionpool:https://api.telegram.org:443 "POST /bot426495381:AAG9pSdCmJNgg9_wzTGYGQ8PeUTeAyzfwL8/getUpdates HTTP/1.1" 200 23
DEBUG:telegram.bot:No new updates found.
DEBUG:telegram.bot:[]
DEBUG:telegram.bot:Exiting: get_updates
DEBUG:telegram.bot:Entering: get_updates
DEBUG:telegram.vendor.ptb_urllib3.urllib3.connectionpool:https://api.telegram.org:443 "POST /bot426495381:AAG9pSdCmJNgg9_wzTGYGQ8PeUTeAyzfwL8/getUpdates HTTP/1.1" 200 23
DEBUG:telegram.bot:No new updates found.
DEBUG:telegram.bot:[]
DEBUG:telegram.bot:Exiting: get_updates
DEBUG:telegram.bot:Entering: get_updates
DEBUG:telegram.vendor.ptb_urllib3.urllib3.connectionpool:https://api.telegram.org:443 "POST /bot426495381:AAG9pSdCmJNgg9_wzTGYGQ8PeUTeAyzfwL8/getUpdates HTTP/1.1" 200 23
DEBUG:telegram.bot:No new updates found.
DEBUG:telegram.bot:[]
DEBUG:telegram.bot:Exiting: get_updates
DEBUG:telegram.bot:Entering: get_updates
DEBUG:telegram.vendor.ptb_urllib3.urllib3.connectionpool:https://api.telegram.org:443 "POST /bot426495381:AAG9pSdCmJNgg9_wzTGYGQ8PeUTeAyzfwL8/getUpdates HTTP/1.1" 200 23
DEBUG:telegram.bot:No new updates found.
DEBUG:telegram.bot:[]
DEBUG:telegram.bot:Exiting: get_updates
DEBUG:telegram.bot:Entering: get_updates
DEBUG:telegram.vendor.ptb_urllib3.urllib3.connectionpool:https://api.telegram.org:443 "POST /bot426495381:AAG9pSdCmJNgg9_wzTGYGQ8PeUTeAyzfwL8/getUpdates HTTP/1.1" 200 23
DEBUG:telegram.bot:No new updates found.
DEBUG:telegram.bot:[]
DEBUG:telegram.bot:Exiting: get_updates
DEBUG:telegram.bot:Entering: get_updates
DEBUG:telegram.vendor.ptb_urllib3.urllib3.connectionpool:https://api.telegram.org:443 "POST /bot426495381:AAG9pSdCmJNgg9_wzTGYGQ8PeUTeAyzfwL8/getUpdates HTTP/1.1" 200 23
DEBUG:telegram.bot:No new updates found.
DEBUG:telegram.bot:[]
DEBUG:telegram.bot:Exiting: get_updates
DEBUG:telegram.bot:Entering: get_updates
DEBUG:telegram.vendor.ptb_urllib3.urllib3.connectionpool:https://api.telegram.org:443 "POST /bot426495381:AAG9pSdCmJNgg9_wzTGYGQ8PeUTeAyzfwL8/getUpdates HTTP/1.1" 200 23
DEBUG:telegram.bot:No new updates found.
DEBUG:telegram.bot:[]
DEBUG:telegram.bot:Exiting: get_updates
DEBUG:telegram.bot:Entering: get_updates
DEBUG:telegram.vendor.ptb_urllib3.urllib3.connectionpool:https://api.telegram.org:443 "POST /bot426495381:AAG9pSdCmJNgg9_wzTGYGQ8PeUTeAyzfwL8/getUpdates HTTP/1.1" 200 23
DEBUG:telegram.bot:No new updates found.
DEBUG:telegram.bot:[]
DEBUG:telegram.bot:Exiting: get_updates
DEBUG:telegram.bot:Entering: get_updates
DEBUG:telegram.vendor.ptb_urllib3.urllib3.connectionpool:https://api.telegram.org:443 "POST /bot426495381:AAG9pSdCmJNgg9_wzTGYGQ8PeUTeAyzfwL8/getUpdates HTTP/1.1" 200 23
DEBUG:telegram.bot:No new updates found.
DEBUG:telegram.bot:[]
DEBUG:telegram.bot:Exiting: get_updates
DEBUG:telegram.bot:Entering: get_updates
DEBUG:JobQueue:JobQueue thread stopped
DEBUG:telegram.ext.updater:Stopping Updater and Dispatcher...
DEBUG:telegram.ext.updater:Requesting Dispatcher to stop...
DEBUG:telegram.vendor.ptb_urllib3.urllib3.connectionpool:https://api.telegram.org:443 "POST /bot426495381:AAG9pSdCmJNgg9_wzTGYGQ8PeUTeAyzfwL8/getUpdates HTTP/1.1" 200 23
DEBUG:telegram.bot:No new updates found.
DEBUG:telegram.bot:[]
DEBUG:telegram.bot:Exiting: get_updates
DEBUG:telegram.ext.updater:updater - ended
DEBUG:telegram.ext.dispatcher:orderly stopping
DEBUG:telegram.ext.dispatcher:Dispatcher thread stopped
DEBUG:telegram.ext.updater:dispatcher - ended
DEBUG:telegram.ext.dispatcher:Waiting for async thread 1/4 to end
DEBUG:telegram.ext.dispatcher:Closing run_async thread a2a96fa2-50b5-4694-a118-d5bc5dcfb605_2/4
DEBUG:telegram.ext.dispatcher:Closing run_async thread a2a96fa2-50b5-4694-a118-d5bc5dcfb605_3/4
DEBUG:telegram.ext.dispatcher:Closing run_async thread a2a96fa2-50b5-4694-a118-d5bc5dcfb605_1/4
DEBUG:telegram.ext.dispatcher:Closing run_async thread a2a96fa2-50b5-4694-a118-d5bc5dcfb605_0/4
DEBUG:telegram.ext.dispatcher:async thread 1/4 has ended
DEBUG:telegram.ext.dispatcher:Waiting for async thread 2/4 to end
DEBUG:telegram.ext.dispatcher:async thread 2/4 has ended
DEBUG:telegram.ext.dispatcher:Waiting for async thread 3/4 to end
DEBUG:telegram.ext.dispatcher:async thread 3/4 has ended
DEBUG:telegram.ext.dispatcher:Waiting for async thread 4/4 to end
DEBUG:telegram.ext.dispatcher:async thread 4/4 has ended
DEBUG:telegram.ext.updater:Waiting for dispatcher thread to end
DEBUG:telegram.ext.updater:dispatcher thread has ended
DEBUG:telegram.ext.updater:Waiting for updater thread to end
DEBUG:telegram.ext.updater:updater thread has ended
DEBUG:telegram.ext.dispatcher:Setting singleton dispatcher as <telegram.ext.dispatcher.Dispatcher object at 0x7f0dac7ac208>
DEBUG:JobQueue:JobQueue thread started
DEBUG:telegram.ext.updater:dispatcher - started
DEBUG:telegram.ext.updater:updater - started
DEBUG:telegram.ext.updater:Updater thread started
DEBUG:telegram.bot:Entering: set_webhook
DEBUG:telegram.vendor.ptb_urllib3.urllib3.connectionpool:Starting new HTTPS connection (1): api.telegram.org
DEBUG:telegram.ext.dispatcher:Dispatcher started
DEBUG:telegram.vendor.ptb_urllib3.urllib3.connectionpool:https://api.telegram.org:443 "POST /bot426495381:AAG9pSdCmJNgg9_wzTGYGQ8PeUTeAyzfwL8/setWebhook HTTP/1.1" 200 68
DEBUG:telegram.bot:True
DEBUG:telegram.bot:Exiting: set_webhook
DEBUG:telegram.bot:Entering: get_updates
DEBUG:telegram.vendor.ptb_urllib3.urllib3.connectionpool:https://api.telegram.org:443 "POST /bot426495381:AAG9pSdCmJNgg9_wzTGYGQ8PeUTeAyzfwL8/getUpdates HTTP/1.1" 200 23
DEBUG:telegram.bot:No new updates found.
DEBUG:telegram.bot:[]
DEBUG:telegram.bot:Exiting: get_updates
DEBUG:telegram.bot:Entering: get_updates
DEBUG:telegram.vendor.ptb_urllib3.urllib3.connectionpool:https://api.telegram.org:443 "POST /bot426495381:AAG9pSdCmJNgg9_wzTGYGQ8PeUTeAyzfwL8/getUpdates HTTP/1.1" 200 395
DEBUG:telegram.bot:Getting updates: [653489581]
DEBUG:telegram.bot:[<telegram.update.Update object at 0x7f0dac766a58>]
DEBUG:telegram.bot:Exiting: get_updates
DEBUG:telegram.bot:Entering: get_updates
DEBUG:telegram.ext.dispatcher:Processing Update: {'update_id': 653489581, 'message': {'new_chat_member': None, 'new_chat_photo': [], 'photo': [], 'chat': {'last_name': 'Kozlenkov', 'type': 'private', 'id': 367458916, 'first_name': 'Alexandr', 'username': 'sah4ez'}, 'group_chat_created': False, 'entities': [{'offset': 0, 'type': 'bot_command', 'length': 8}], 'from': {'last_name': 'Kozlenkov', 'language_code': 'ru-RU', 'id': 367458916, 'first_name': 'Alexandr', 'username': 'sah4ez'}, 'channel_chat_created': False, 'date': 1499255523, 'text': '/ipoteka', 'message_id': 216, 'supergroup_chat_created': False, 'delete_chat_photo': False, 'new_chat_members': []}}
DEBUG:telegram.bot:Entering: get_me
DEBUG:telegram.vendor.ptb_urllib3.urllib3.connectionpool:Starting new HTTPS connection (2): api.telegram.org
DEBUG:telegram.vendor.ptb_urllib3.urllib3.connectionpool:https://api.telegram.org:443 "GET /bot426495381:AAG9pSdCmJNgg9_wzTGYGQ8PeUTeAyzfwL8/getMe HTTP/1.1" 200 82
DEBUG:telegram.bot:{'id': 426495381, 'first_name': 'sah4ez', 'username': 'Sah4ezBot'}
DEBUG:telegram.bot:Exiting: get_me
DEBUG:telegram.bot:Entering: send_message
DEBUG:telegram.vendor.ptb_urllib3.urllib3.connectionpool:https://api.telegram.org:443 "POST /bot426495381:AAG9pSdCmJNgg9_wzTGYGQ8PeUTeAyzfwL8/sendMessage HTTP/1.1" 200 260
DEBUG:telegram.bot:{'new_chat_member': None, 'new_chat_photo': [], 'photo': [], 'chat': {'last_name': 'Kozlenkov', 'type': 'private', 'id': 367458916, 'first_name': 'Alexandr', 'username': 'sah4ez'}, 'group_chat_created': False, 'entities': [], 'from': {'id': 426495381, 'first_name': 'sah4ez', 'username': 'Sah4ezBot'}, 'channel_chat_created': False, 'date': 1499255524, 'text': 'ipoteka-ipoteka', 'message_id': 217, 'supergroup_chat_created': False, 'delete_chat_photo': False, 'new_chat_members': []}
DEBUG:telegram.bot:Exiting: send_message
DEBUG:telegram.vendor.ptb_urllib3.urllib3.connectionpool:https://api.telegram.org:443 "POST /bot426495381:AAG9pSdCmJNgg9_wzTGYGQ8PeUTeAyzfwL8/getUpdates HTTP/1.1" 200 23
DEBUG:telegram.bot:No new updates found.
DEBUG:telegram.bot:[]
DEBUG:telegram.bot:Exiting: get_updates
DEBUG:telegram.bot:Entering: get_updates
DEBUG:telegram.vendor.ptb_urllib3.urllib3.connectionpool:https://api.telegram.org:443 "POST /bot426495381:AAG9pSdCmJNgg9_wzTGYGQ8PeUTeAyzfwL8/getUpdates HTTP/1.1" 200 23
DEBUG:telegram.bot:No new updates found.
DEBUG:telegram.bot:[]
DEBUG:telegram.bot:Exiting: get_updates
DEBUG:telegram.bot:Entering: get_updates
DEBUG:telegram.vendor.ptb_urllib3.urllib3.connectionpool:https://api.telegram.org:443 "POST /bot426495381:AAG9pSdCmJNgg9_wzTGYGQ8PeUTeAyzfwL8/getUpdates HTTP/1.1" 200 23
DEBUG:telegram.bot:No new updates found.
DEBUG:telegram.bot:[]
DEBUG:telegram.bot:Exiting: get_updates
DEBUG:telegram.bot:Entering: get_updates
DEBUG:telegram.vendor.ptb_urllib3.urllib3.connectionpool:https://api.telegram.org:443 "POST /bot426495381:AAG9pSdCmJNgg9_wzTGYGQ8PeUTeAyzfwL8/getUpdates HTTP/1.1" 200 23
DEBUG:telegram.bot:No new updates found.
DEBUG:telegram.bot:[]
DEBUG:telegram.bot:Exiting: get_updates
DEBUG:telegram.bot:Entering: get_updates
DEBUG:telegram.vendor.ptb_urllib3.urllib3.connectionpool:https://api.telegram.org:443 "POST /bot426495381:AAG9pSdCmJNgg9_wzTGYGQ8PeUTeAyzfwL8/getUpdates HTTP/1.1" 200 23
DEBUG:telegram.bot:No new updates found.
DEBUG:telegram.bot:[]
DEBUG:telegram.bot:Exiting: get_updates
DEBUG:telegram.bot:Entering: get_updates
DEBUG:telegram.vendor.ptb_urllib3.urllib3.connectionpool:https://api.telegram.org:443 "POST /bot426495381:AAG9pSdCmJNgg9_wzTGYGQ8PeUTeAyzfwL8/getUpdates HTTP/1.1" 200 23
DEBUG:telegram.bot:No new updates found.
DEBUG:telegram.bot:[]
DEBUG:telegram.bot:Exiting: get_updates
DEBUG:telegram.bot:Entering: get_updates
DEBUG:telegram.vendor.ptb_urllib3.urllib3.connectionpool:https://api.telegram.org:443 "POST /bot426495381:AAG9pSdCmJNgg9_wzTGYGQ8PeUTeAyzfwL8/getUpdates HTTP/1.1" 200 23
DEBUG:telegram.bot:No new updates found.
DEBUG:telegram.bot:[]
DEBUG:telegram.bot:Exiting: get_updates
DEBUG:telegram.bot:Entering: get_updates
DEBUG:telegram.vendor.ptb_urllib3.urllib3.connectionpool:https://api.telegram.org:443 "POST /bot426495381:AAG9pSdCmJNgg9_wzTGYGQ8PeUTeAyzfwL8/getUpdates HTTP/1.1" 200 23
DEBUG:telegram.bot:No new updates found.
DEBUG:telegram.bot:[]
DEBUG:telegram.bot:Exiting: get_updates
DEBUG:telegram.bot:Entering: get_updates
DEBUG:telegram.vendor.ptb_urllib3.urllib3.connectionpool:https://api.telegram.org:443 "POST /bot426495381:AAG9pSdCmJNgg9_wzTGYGQ8PeUTeAyzfwL8/getUpdates HTTP/1.1" 200 23
DEBUG:telegram.bot:No new updates found.
DEBUG:telegram.bot:[]
DEBUG:telegram.bot:Exiting: get_updates
DEBUG:telegram.bot:Entering: get_updates
DEBUG:telegram.vendor.ptb_urllib3.urllib3.connectionpool:https://api.telegram.org:443 "POST /bot426495381:AAG9pSdCmJNgg9_wzTGYGQ8PeUTeAyzfwL8/getUpdates HTTP/1.1" 200 23
DEBUG:telegram.bot:No new updates found.
DEBUG:telegram.bot:[]
DEBUG:telegram.bot:Exiting: get_updates
DEBUG:telegram.bot:Entering: get_updates
DEBUG:telegram.vendor.ptb_urllib3.urllib3.connectionpool:https://api.telegram.org:443 "POST /bot426495381:AAG9pSdCmJNgg9_wzTGYGQ8PeUTeAyzfwL8/getUpdates HTTP/1.1" 200 23
DEBUG:telegram.bot:No new updates found.
DEBUG:telegram.bot:[]
DEBUG:telegram.bot:Exiting: get_updates
DEBUG:telegram.bot:Entering: get_updates
DEBUG:telegram.vendor.ptb_urllib3.urllib3.connectionpool:https://api.telegram.org:443 "POST /bot426495381:AAG9pSdCmJNgg9_wzTGYGQ8PeUTeAyzfwL8/getUpdates HTTP/1.1" 200 23
DEBUG:telegram.bot:No new updates found.
DEBUG:telegram.bot:[]
DEBUG:telegram.bot:Exiting: get_updates
DEBUG:telegram.bot:Entering: get_updates
DEBUG:telegram.vendor.ptb_urllib3.urllib3.connectionpool:https://api.telegram.org:443 "POST /bot426495381:AAG9pSdCmJNgg9_wzTGYGQ8PeUTeAyzfwL8/getUpdates HTTP/1.1" 200 23
DEBUG:telegram.bot:No new updates found.
DEBUG:telegram.bot:[]
DEBUG:telegram.bot:Exiting: get_updates
DEBUG:telegram.bot:Entering: get_updates
DEBUG:telegram.vendor.ptb_urllib3.urllib3.connectionpool:https://api.telegram.org:443 "POST /bot426495381:AAG9pSdCmJNgg9_wzTGYGQ8PeUTeAyzfwL8/getUpdates HTTP/1.1" 200 23
DEBUG:telegram.bot:No new updates found.
DEBUG:telegram.bot:[]
DEBUG:telegram.bot:Exiting: get_updates
DEBUG:telegram.bot:Entering: get_updates
DEBUG:telegram.vendor.ptb_urllib3.urllib3.connectionpool:https://api.telegram.org:443 "POST /bot426495381:AAG9pSdCmJNgg9_wzTGYGQ8PeUTeAyzfwL8/getUpdates HTTP/1.1" 200 23
DEBUG:telegram.bot:No new updates found.
DEBUG:telegram.bot:[]
DEBUG:telegram.bot:Exiting: get_updates
DEBUG:telegram.bot:Entering: get_updates
DEBUG:telegram.vendor.ptb_urllib3.urllib3.connectionpool:https://api.telegram.org:443 "POST /bot426495381:AAG9pSdCmJNgg9_wzTGYGQ8PeUTeAyzfwL8/getUpdates HTTP/1.1" 200 23
DEBUG:telegram.bot:No new updates found.
DEBUG:telegram.bot:[]
DEBUG:telegram.bot:Exiting: get_updates
DEBUG:telegram.bot:Entering: get_updates
DEBUG:telegram.vendor.ptb_urllib3.urllib3.connectionpool:https://api.telegram.org:443 "POST /bot426495381:AAG9pSdCmJNgg9_wzTGYGQ8PeUTeAyzfwL8/getUpdates HTTP/1.1" 200 23
DEBUG:telegram.bot:No new updates found.
DEBUG:telegram.bot:[]
DEBUG:telegram.bot:Exiting: get_updates
DEBUG:telegram.bot:Entering: get_updates
DEBUG:telegram.vendor.ptb_urllib3.urllib3.connectionpool:https://api.telegram.org:443 "POST /bot426495381:AAG9pSdCmJNgg9_wzTGYGQ8PeUTeAyzfwL8/getUpdates HTTP/1.1" 200 23
DEBUG:telegram.bot:No new updates found.
DEBUG:telegram.bot:[]
DEBUG:telegram.bot:Exiting: get_updates
DEBUG:telegram.bot:Entering: get_updates
DEBUG:telegram.vendor.ptb_urllib3.urllib3.connectionpool:https://api.telegram.org:443 "POST /bot426495381:AAG9pSdCmJNgg9_wzTGYGQ8PeUTeAyzfwL8/getUpdates HTTP/1.1" 200 23
DEBUG:telegram.bot:No new updates found.
DEBUG:telegram.bot:[]
DEBUG:telegram.bot:Exiting: get_updates
DEBUG:telegram.bot:Entering: get_updates
DEBUG:telegram.vendor.ptb_urllib3.urllib3.connectionpool:https://api.telegram.org:443 "POST /bot426495381:AAG9pSdCmJNgg9_wzTGYGQ8PeUTeAyzfwL8/getUpdates HTTP/1.1" 200 23
DEBUG:telegram.bot:No new updates found.
DEBUG:telegram.bot:[]
DEBUG:telegram.bot:Exiting: get_updates
DEBUG:telegram.bot:Entering: get_updates
DEBUG:telegram.vendor.ptb_urllib3.urllib3.connectionpool:https://api.telegram.org:443 "POST /bot426495381:AAG9pSdCmJNgg9_wzTGYGQ8PeUTeAyzfwL8/getUpdates HTTP/1.1" 200 23
DEBUG:telegram.bot:No new updates found.
DEBUG:telegram.bot:[]
DEBUG:telegram.bot:Exiting: get_updates
DEBUG:telegram.bot:Entering: get_updates
DEBUG:telegram.vendor.ptb_urllib3.urllib3.connectionpool:https://api.telegram.org:443 "POST /bot426495381:AAG9pSdCmJNgg9_wzTGYGQ8PeUTeAyzfwL8/getUpdates HTTP/1.1" 200 23
DEBUG:telegram.bot:No new updates found.
DEBUG:telegram.bot:[]
DEBUG:telegram.bot:Exiting: get_updates
DEBUG:telegram.bot:Entering: get_updates
DEBUG:telegram.vendor.ptb_urllib3.urllib3.connectionpool:https://api.telegram.org:443 "POST /bot426495381:AAG9pSdCmJNgg9_wzTGYGQ8PeUTeAyzfwL8/getUpdates HTTP/1.1" 200 23
DEBUG:telegram.bot:No new updates found.
DEBUG:telegram.bot:[]
DEBUG:telegram.bot:Exiting: get_updates
DEBUG:telegram.bot:Entering: get_updates
DEBUG:telegram.vendor.ptb_urllib3.urllib3.connectionpool:https://api.telegram.org:443 "POST /bot426495381:AAG9pSdCmJNgg9_wzTGYGQ8PeUTeAyzfwL8/getUpdates HTTP/1.1" 200 23
DEBUG:telegram.bot:No new updates found.
DEBUG:telegram.bot:[]
DEBUG:telegram.bot:Exiting: get_updates
DEBUG:telegram.bot:Entering: get_updates
DEBUG:telegram.vendor.ptb_urllib3.urllib3.connectionpool:https://api.telegram.org:443 "POST /bot426495381:AAG9pSdCmJNgg9_wzTGYGQ8PeUTeAyzfwL8/getUpdates HTTP/1.1" 200 23
DEBUG:telegram.bot:No new updates found.
DEBUG:telegram.bot:[]
DEBUG:telegram.bot:Exiting: get_updates
DEBUG:telegram.bot:Entering: get_updates
DEBUG:telegram.vendor.ptb_urllib3.urllib3.connectionpool:https://api.telegram.org:443 "POST /bot426495381:AAG9pSdCmJNgg9_wzTGYGQ8PeUTeAyzfwL8/getUpdates HTTP/1.1" 200 23
DEBUG:telegram.bot:No new updates found.
DEBUG:telegram.bot:[]
DEBUG:telegram.bot:Exiting: get_updates
DEBUG:telegram.bot:Entering: get_updates
DEBUG:telegram.vendor.ptb_urllib3.urllib3.connectionpool:https://api.telegram.org:443 "POST /bot426495381:AAG9pSdCmJNgg9_wzTGYGQ8PeUTeAyzfwL8/getUpdates HTTP/1.1" 200 23
DEBUG:telegram.bot:No new updates found.
DEBUG:telegram.bot:[]
DEBUG:telegram.bot:Exiting: get_updates
DEBUG:telegram.bot:Entering: get_updates
DEBUG:telegram.vendor.ptb_urllib3.urllib3.connectionpool:https://api.telegram.org:443 "POST /bot426495381:AAG9pSdCmJNgg9_wzTGYGQ8PeUTeAyzfwL8/getUpdates HTTP/1.1" 200 23
DEBUG:telegram.bot:No new updates found.
DEBUG:telegram.bot:[]
DEBUG:telegram.bot:Exiting: get_updates
DEBUG:telegram.bot:Entering: get_updates
DEBUG:telegram.vendor.ptb_urllib3.urllib3.connectionpool:https://api.telegram.org:443 "POST /bot426495381:AAG9pSdCmJNgg9_wzTGYGQ8PeUTeAyzfwL8/getUpdates HTTP/1.1" 200 23
DEBUG:telegram.bot:No new updates found.
DEBUG:telegram.bot:[]
DEBUG:telegram.bot:Exiting: get_updates
DEBUG:telegram.bot:Entering: get_updates
DEBUG:telegram.vendor.ptb_urllib3.urllib3.connectionpool:https://api.telegram.org:443 "POST /bot426495381:AAG9pSdCmJNgg9_wzTGYGQ8PeUTeAyzfwL8/getUpdates HTTP/1.1" 200 23
DEBUG:telegram.bot:No new updates found.
DEBUG:telegram.bot:[]
DEBUG:telegram.bot:Exiting: get_updates
DEBUG:telegram.bot:Entering: get_updates
DEBUG:telegram.vendor.ptb_urllib3.urllib3.connectionpool:https://api.telegram.org:443 "POST /bot426495381:AAG9pSdCmJNgg9_wzTGYGQ8PeUTeAyzfwL8/getUpdates HTTP/1.1" 200 23
DEBUG:telegram.bot:No new updates found.
DEBUG:telegram.bot:[]
DEBUG:telegram.bot:Exiting: get_updates
DEBUG:telegram.bot:Entering: get_updates
DEBUG:telegram.vendor.ptb_urllib3.urllib3.connectionpool:https://api.telegram.org:443 "POST /bot426495381:AAG9pSdCmJNgg9_wzTGYGQ8PeUTeAyzfwL8/getUpdates HTTP/1.1" 200 23
DEBUG:telegram.bot:No new updates found.
DEBUG:telegram.bot:[]
DEBUG:telegram.bot:Exiting: get_updates
DEBUG:telegram.bot:Entering: get_updates
DEBUG:telegram.vendor.ptb_urllib3.urllib3.connectionpool:https://api.telegram.org:443 "POST /bot426495381:AAG9pSdCmJNgg9_wzTGYGQ8PeUTeAyzfwL8/getUpdates HTTP/1.1" 200 23
DEBUG:telegram.bot:No new updates found.
DEBUG:telegram.bot:[]
DEBUG:telegram.bot:Exiting: get_updates
DEBUG:telegram.bot:Entering: get_updates
DEBUG:telegram.vendor.ptb_urllib3.urllib3.connectionpool:https://api.telegram.org:443 "POST /bot426495381:AAG9pSdCmJNgg9_wzTGYGQ8PeUTeAyzfwL8/getUpdates HTTP/1.1" 200 23
DEBUG:telegram.bot:No new updates found.
DEBUG:telegram.bot:[]
DEBUG:telegram.bot:Exiting: get_updates
DEBUG:telegram.bot:Entering: get_updates
DEBUG:telegram.vendor.ptb_urllib3.urllib3.connectionpool:https://api.telegram.org:443 "POST /bot426495381:AAG9pSdCmJNgg9_wzTGYGQ8PeUTeAyzfwL8/getUpdates HTTP/1.1" 200 23
DEBUG:telegram.bot:No new updates found.
DEBUG:telegram.bot:[]
DEBUG:telegram.bot:Exiting: get_updates
DEBUG:telegram.bot:Entering: get_updates
DEBUG:telegram.vendor.ptb_urllib3.urllib3.connectionpool:https://api.telegram.org:443 "POST /bot426495381:AAG9pSdCmJNgg9_wzTGYGQ8PeUTeAyzfwL8/getUpdates HTTP/1.1" 200 23
DEBUG:telegram.bot:No new updates found.
DEBUG:telegram.bot:[]
DEBUG:telegram.bot:Exiting: get_updates
DEBUG:telegram.bot:Entering: get_updates
DEBUG:telegram.vendor.ptb_urllib3.urllib3.connectionpool:https://api.telegram.org:443 "POST /bot426495381:AAG9pSdCmJNgg9_wzTGYGQ8PeUTeAyzfwL8/getUpdates HTTP/1.1" 200 23
DEBUG:telegram.bot:No new updates found.
DEBUG:telegram.bot:[]
DEBUG:telegram.bot:Exiting: get_updates
DEBUG:telegram.bot:Entering: get_updates
DEBUG:telegram.vendor.ptb_urllib3.urllib3.connectionpool:https://api.telegram.org:443 "POST /bot426495381:AAG9pSdCmJNgg9_wzTGYGQ8PeUTeAyzfwL8/getUpdates HTTP/1.1" 200 23
DEBUG:telegram.bot:No new updates found.
DEBUG:telegram.bot:[]
DEBUG:telegram.bot:Exiting: get_updates
DEBUG:telegram.bot:Entering: get_updates
DEBUG:telegram.vendor.ptb_urllib3.urllib3.connectionpool:https://api.telegram.org:443 "POST /bot426495381:AAG9pSdCmJNgg9_wzTGYGQ8PeUTeAyzfwL8/getUpdates HTTP/1.1" 200 23
DEBUG:telegram.bot:No new updates found.
DEBUG:telegram.bot:[]
DEBUG:telegram.bot:Exiting: get_updates
DEBUG:telegram.bot:Entering: get_updates
DEBUG:telegram.vendor.ptb_urllib3.urllib3.connectionpool:https://api.telegram.org:443 "POST /bot426495381:AAG9pSdCmJNgg9_wzTGYGQ8PeUTeAyzfwL8/getUpdates HTTP/1.1" 200 23
DEBUG:telegram.bot:No new updates found.
DEBUG:telegram.bot:[]
DEBUG:telegram.bot:Exiting: get_updates
DEBUG:telegram.bot:Entering: get_updates
DEBUG:telegram.vendor.ptb_urllib3.urllib3.connectionpool:https://api.telegram.org:443 "POST /bot426495381:AAG9pSdCmJNgg9_wzTGYGQ8PeUTeAyzfwL8/getUpdates HTTP/1.1" 200 23
DEBUG:telegram.bot:No new updates found.
DEBUG:telegram.bot:[]
DEBUG:telegram.bot:Exiting: get_updates
DEBUG:telegram.bot:Entering: get_updates
DEBUG:telegram.vendor.ptb_urllib3.urllib3.connectionpool:https://api.telegram.org:443 "POST /bot426495381:AAG9pSdCmJNgg9_wzTGYGQ8PeUTeAyzfwL8/getUpdates HTTP/1.1" 200 23
DEBUG:telegram.bot:No new updates found.
DEBUG:telegram.bot:[]
DEBUG:telegram.bot:Exiting: get_updates
DEBUG:telegram.bot:Entering: get_updates
DEBUG:telegram.vendor.ptb_urllib3.urllib3.connectionpool:https://api.telegram.org:443 "POST /bot426495381:AAG9pSdCmJNgg9_wzTGYGQ8PeUTeAyzfwL8/getUpdates HTTP/1.1" 200 23
DEBUG:telegram.bot:No new updates found.
DEBUG:telegram.bot:[]
DEBUG:telegram.bot:Exiting: get_updates
DEBUG:telegram.bot:Entering: get_updates
DEBUG:telegram.vendor.ptb_urllib3.urllib3.connectionpool:https://api.telegram.org:443 "POST /bot426495381:AAG9pSdCmJNgg9_wzTGYGQ8PeUTeAyzfwL8/getUpdates HTTP/1.1" 200 23
DEBUG:telegram.bot:No new updates found.
DEBUG:telegram.bot:[]
DEBUG:telegram.bot:Exiting: get_updates
DEBUG:telegram.bot:Entering: get_updates
DEBUG:telegram.vendor.ptb_urllib3.urllib3.connectionpool:https://api.telegram.org:443 "POST /bot426495381:AAG9pSdCmJNgg9_wzTGYGQ8PeUTeAyzfwL8/getUpdates HTTP/1.1" 200 23
DEBUG:telegram.bot:No new updates found.
DEBUG:telegram.bot:[]
DEBUG:telegram.bot:Exiting: get_updates
DEBUG:telegram.bot:Entering: get_updates
DEBUG:telegram.vendor.ptb_urllib3.urllib3.connectionpool:https://api.telegram.org:443 "POST /bot426495381:AAG9pSdCmJNgg9_wzTGYGQ8PeUTeAyzfwL8/getUpdates HTTP/1.1" 200 23
DEBUG:telegram.bot:No new updates found.
DEBUG:telegram.bot:[]
DEBUG:telegram.bot:Exiting: get_updates
DEBUG:telegram.bot:Entering: get_updates
DEBUG:telegram.vendor.ptb_urllib3.urllib3.connectionpool:https://api.telegram.org:443 "POST /bot426495381:AAG9pSdCmJNgg9_wzTGYGQ8PeUTeAyzfwL8/getUpdates HTTP/1.1" 200 23
DEBUG:telegram.bot:No new updates found.
DEBUG:telegram.bot:[]
DEBUG:telegram.bot:Exiting: get_updates
DEBUG:telegram.bot:Entering: get_updates
DEBUG:telegram.vendor.ptb_urllib3.urllib3.connectionpool:https://api.telegram.org:443 "POST /bot426495381:AAG9pSdCmJNgg9_wzTGYGQ8PeUTeAyzfwL8/getUpdates HTTP/1.1" 200 23
DEBUG:telegram.bot:No new updates found.
DEBUG:telegram.bot:[]
DEBUG:telegram.bot:Exiting: get_updates
DEBUG:telegram.bot:Entering: get_updates
DEBUG:telegram.vendor.ptb_urllib3.urllib3.connectionpool:https://api.telegram.org:443 "POST /bot426495381:AAG9pSdCmJNgg9_wzTGYGQ8PeUTeAyzfwL8/getUpdates HTTP/1.1" 200 23
DEBUG:telegram.bot:No new updates found.
DEBUG:telegram.bot:[]
DEBUG:telegram.bot:Exiting: get_updates
DEBUG:telegram.bot:Entering: get_updates
DEBUG:telegram.vendor.ptb_urllib3.urllib3.connectionpool:https://api.telegram.org:443 "POST /bot426495381:AAG9pSdCmJNgg9_wzTGYGQ8PeUTeAyzfwL8/getUpdates HTTP/1.1" 200 23
DEBUG:telegram.bot:No new updates found.
DEBUG:telegram.bot:[]
DEBUG:telegram.bot:Exiting: get_updates
DEBUG:telegram.bot:Entering: get_updates
DEBUG:telegram.vendor.ptb_urllib3.urllib3.connectionpool:https://api.telegram.org:443 "POST /bot426495381:AAG9pSdCmJNgg9_wzTGYGQ8PeUTeAyzfwL8/getUpdates HTTP/1.1" 200 23
DEBUG:telegram.bot:No new updates found.
DEBUG:telegram.bot:[]
DEBUG:telegram.bot:Exiting: get_updates
DEBUG:telegram.bot:Entering: get_updates
DEBUG:telegram.vendor.ptb_urllib3.urllib3.connectionpool:https://api.telegram.org:443 "POST /bot426495381:AAG9pSdCmJNgg9_wzTGYGQ8PeUTeAyzfwL8/getUpdates HTTP/1.1" 200 23
DEBUG:telegram.bot:No new updates found.
DEBUG:telegram.bot:[]
DEBUG:telegram.bot:Exiting: get_updates
DEBUG:telegram.bot:Entering: get_updates
DEBUG:telegram.vendor.ptb_urllib3.urllib3.connectionpool:https://api.telegram.org:443 "POST /bot426495381:AAG9pSdCmJNgg9_wzTGYGQ8PeUTeAyzfwL8/getUpdates HTTP/1.1" 200 23
DEBUG:telegram.bot:No new updates found.
DEBUG:telegram.bot:[]
DEBUG:telegram.bot:Exiting: get_updates
DEBUG:telegram.bot:Entering: get_updates
DEBUG:telegram.vendor.ptb_urllib3.urllib3.connectionpool:https://api.telegram.org:443 "POST /bot426495381:AAG9pSdCmJNgg9_wzTGYGQ8PeUTeAyzfwL8/getUpdates HTTP/1.1" 200 23
DEBUG:telegram.bot:No new updates found.
DEBUG:telegram.bot:[]
DEBUG:telegram.bot:Exiting: get_updates
DEBUG:telegram.bot:Entering: get_updates
DEBUG:telegram.vendor.ptb_urllib3.urllib3.connectionpool:https://api.telegram.org:443 "POST /bot426495381:AAG9pSdCmJNgg9_wzTGYGQ8PeUTeAyzfwL8/getUpdates HTTP/1.1" 200 23
DEBUG:telegram.bot:No new updates found.
DEBUG:telegram.bot:[]
DEBUG:telegram.bot:Exiting: get_updates
DEBUG:telegram.bot:Entering: get_updates
DEBUG:telegram.vendor.ptb_urllib3.urllib3.connectionpool:https://api.telegram.org:443 "POST /bot426495381:AAG9pSdCmJNgg9_wzTGYGQ8PeUTeAyzfwL8/getUpdates HTTP/1.1" 200 23
DEBUG:telegram.bot:No new updates found.
DEBUG:telegram.bot:[]
DEBUG:telegram.bot:Exiting: get_updates
DEBUG:telegram.bot:Entering: get_updates
DEBUG:telegram.vendor.ptb_urllib3.urllib3.connectionpool:https://api.telegram.org:443 "POST /bot426495381:AAG9pSdCmJNgg9_wzTGYGQ8PeUTeAyzfwL8/getUpdates HTTP/1.1" 200 23
DEBUG:telegram.bot:No new updates found.
DEBUG:telegram.bot:[]
DEBUG:telegram.bot:Exiting: get_updates
DEBUG:telegram.bot:Entering: get_updates
DEBUG:telegram.vendor.ptb_urllib3.urllib3.connectionpool:https://api.telegram.org:443 "POST /bot426495381:AAG9pSdCmJNgg9_wzTGYGQ8PeUTeAyzfwL8/getUpdates HTTP/1.1" 200 23
DEBUG:telegram.bot:No new updates found.
DEBUG:telegram.bot:[]
DEBUG:telegram.bot:Exiting: get_updates
DEBUG:telegram.bot:Entering: get_updates
DEBUG:telegram.vendor.ptb_urllib3.urllib3.connectionpool:https://api.telegram.org:443 "POST /bot426495381:AAG9pSdCmJNgg9_wzTGYGQ8PeUTeAyzfwL8/getUpdates HTTP/1.1" 200 23
DEBUG:telegram.bot:No new updates found.
DEBUG:telegram.bot:[]
DEBUG:telegram.bot:Exiting: get_updates
DEBUG:telegram.bot:Entering: get_updates
DEBUG:telegram.vendor.ptb_urllib3.urllib3.connectionpool:https://api.telegram.org:443 "POST /bot426495381:AAG9pSdCmJNgg9_wzTGYGQ8PeUTeAyzfwL8/getUpdates HTTP/1.1" 200 23
DEBUG:telegram.bot:No new updates found.
DEBUG:telegram.bot:[]
DEBUG:telegram.bot:Exiting: get_updates
DEBUG:telegram.bot:Entering: get_updates
DEBUG:telegram.vendor.ptb_urllib3.urllib3.connectionpool:https://api.telegram.org:443 "POST /bot426495381:AAG9pSdCmJNgg9_wzTGYGQ8PeUTeAyzfwL8/getUpdates HTTP/1.1" 200 23
DEBUG:telegram.bot:No new updates found.
DEBUG:telegram.bot:[]
DEBUG:telegram.bot:Exiting: get_updates
DEBUG:telegram.bot:Entering: get_updates
DEBUG:telegram.vendor.ptb_urllib3.urllib3.connectionpool:https://api.telegram.org:443 "POST /bot426495381:AAG9pSdCmJNgg9_wzTGYGQ8PeUTeAyzfwL8/getUpdates HTTP/1.1" 200 23
DEBUG:telegram.bot:No new updates found.
DEBUG:telegram.bot:[]
DEBUG:telegram.bot:Exiting: get_updates
DEBUG:telegram.bot:Entering: get_updates
DEBUG:telegram.vendor.ptb_urllib3.urllib3.connectionpool:https://api.telegram.org:443 "POST /bot426495381:AAG9pSdCmJNgg9_wzTGYGQ8PeUTeAyzfwL8/getUpdates HTTP/1.1" 200 23
DEBUG:telegram.bot:No new updates found.
DEBUG:telegram.bot:[]
DEBUG:telegram.bot:Exiting: get_updates
DEBUG:telegram.bot:Entering: get_updates
DEBUG:telegram.vendor.ptb_urllib3.urllib3.connectionpool:https://api.telegram.org:443 "POST /bot426495381:AAG9pSdCmJNgg9_wzTGYGQ8PeUTeAyzfwL8/getUpdates HTTP/1.1" 200 23
DEBUG:telegram.bot:No new updates found.
DEBUG:telegram.bot:[]
DEBUG:telegram.bot:Exiting: get_updates
DEBUG:telegram.bot:Entering: get_updates
DEBUG:telegram.vendor.ptb_urllib3.urllib3.connectionpool:https://api.telegram.org:443 "POST /bot426495381:AAG9pSdCmJNgg9_wzTGYGQ8PeUTeAyzfwL8/getUpdates HTTP/1.1" 200 23
DEBUG:telegram.bot:No new updates found.
DEBUG:telegram.bot:[]
DEBUG:telegram.bot:Exiting: get_updates
DEBUG:telegram.bot:Entering: get_updates
DEBUG:telegram.vendor.ptb_urllib3.urllib3.connectionpool:https://api.telegram.org:443 "POST /bot426495381:AAG9pSdCmJNgg9_wzTGYGQ8PeUTeAyzfwL8/getUpdates HTTP/1.1" 200 23
DEBUG:telegram.bot:No new updates found.
DEBUG:telegram.bot:[]
DEBUG:telegram.bot:Exiting: get_updates
DEBUG:telegram.bot:Entering: get_updates
DEBUG:telegram.vendor.ptb_urllib3.urllib3.connectionpool:https://api.telegram.org:443 "POST /bot426495381:AAG9pSdCmJNgg9_wzTGYGQ8PeUTeAyzfwL8/getUpdates HTTP/1.1" 200 23
DEBUG:telegram.bot:No new updates found.
DEBUG:telegram.bot:[]
DEBUG:telegram.bot:Exiting: get_updates
DEBUG:telegram.bot:Entering: get_updates
DEBUG:telegram.vendor.ptb_urllib3.urllib3.connectionpool:https://api.telegram.org:443 "POST /bot426495381:AAG9pSdCmJNgg9_wzTGYGQ8PeUTeAyzfwL8/getUpdates HTTP/1.1" 200 23
DEBUG:telegram.bot:No new updates found.
DEBUG:telegram.bot:[]
DEBUG:telegram.bot:Exiting: get_updates
DEBUG:telegram.bot:Entering: get_updates
DEBUG:telegram.vendor.ptb_urllib3.urllib3.connectionpool:https://api.telegram.org:443 "POST /bot426495381:AAG9pSdCmJNgg9_wzTGYGQ8PeUTeAyzfwL8/getUpdates HTTP/1.1" 200 23
DEBUG:telegram.bot:No new updates found.
DEBUG:telegram.bot:[]
DEBUG:telegram.bot:Exiting: get_updates
DEBUG:telegram.bot:Entering: get_updates
DEBUG:telegram.vendor.ptb_urllib3.urllib3.connectionpool:https://api.telegram.org:443 "POST /bot426495381:AAG9pSdCmJNgg9_wzTGYGQ8PeUTeAyzfwL8/getUpdates HTTP/1.1" 200 23
DEBUG:telegram.bot:No new updates found.
DEBUG:telegram.bot:[]
DEBUG:telegram.bot:Exiting: get_updates
DEBUG:telegram.bot:Entering: get_updates
DEBUG:telegram.vendor.ptb_urllib3.urllib3.connectionpool:https://api.telegram.org:443 "POST /bot426495381:AAG9pSdCmJNgg9_wzTGYGQ8PeUTeAyzfwL8/getUpdates HTTP/1.1" 200 23
DEBUG:telegram.bot:No new updates found.
DEBUG:telegram.bot:[]
DEBUG:telegram.bot:Exiting: get_updates
DEBUG:telegram.bot:Entering: get_updates
DEBUG:telegram.vendor.ptb_urllib3.urllib3.connectionpool:https://api.telegram.org:443 "POST /bot426495381:AAG9pSdCmJNgg9_wzTGYGQ8PeUTeAyzfwL8/getUpdates HTTP/1.1" 200 23
DEBUG:telegram.bot:No new updates found.
DEBUG:telegram.bot:[]
DEBUG:telegram.bot:Exiting: get_updates
DEBUG:telegram.bot:Entering: get_updates
DEBUG:telegram.vendor.ptb_urllib3.urllib3.connectionpool:https://api.telegram.org:443 "POST /bot426495381:AAG9pSdCmJNgg9_wzTGYGQ8PeUTeAyzfwL8/getUpdates HTTP/1.1" 200 23
DEBUG:telegram.bot:No new updates found.
DEBUG:telegram.bot:[]
DEBUG:telegram.bot:Exiting: get_updates
DEBUG:telegram.bot:Entering: get_updates
DEBUG:telegram.vendor.ptb_urllib3.urllib3.connectionpool:https://api.telegram.org:443 "POST /bot426495381:AAG9pSdCmJNgg9_wzTGYGQ8PeUTeAyzfwL8/getUpdates HTTP/1.1" 200 23
DEBUG:telegram.bot:No new updates found.
DEBUG:telegram.bot:[]
DEBUG:telegram.bot:Exiting: get_updates
DEBUG:telegram.bot:Entering: get_updates
DEBUG:telegram.vendor.ptb_urllib3.urllib3.connectionpool:https://api.telegram.org:443 "POST /bot426495381:AAG9pSdCmJNgg9_wzTGYGQ8PeUTeAyzfwL8/getUpdates HTTP/1.1" 200 23
DEBUG:telegram.bot:No new updates found.
DEBUG:telegram.bot:[]
DEBUG:telegram.bot:Exiting: get_updates
DEBUG:telegram.bot:Entering: get_updates
DEBUG:telegram.vendor.ptb_urllib3.urllib3.connectionpool:https://api.telegram.org:443 "POST /bot426495381:AAG9pSdCmJNgg9_wzTGYGQ8PeUTeAyzfwL8/getUpdates HTTP/1.1" 200 23
DEBUG:telegram.bot:No new updates found.
DEBUG:telegram.bot:[]
DEBUG:telegram.bot:Exiting: get_updates
DEBUG:telegram.bot:Entering: get_updates
DEBUG:telegram.vendor.ptb_urllib3.urllib3.connectionpool:https://api.telegram.org:443 "POST /bot426495381:AAG9pSdCmJNgg9_wzTGYGQ8PeUTeAyzfwL8/getUpdates HTTP/1.1" 200 23
DEBUG:telegram.bot:No new updates found.
DEBUG:telegram.bot:[]
DEBUG:telegram.bot:Exiting: get_updates
DEBUG:telegram.bot:Entering: get_updates
DEBUG:telegram.vendor.ptb_urllib3.urllib3.connectionpool:https://api.telegram.org:443 "POST /bot426495381:AAG9pSdCmJNgg9_wzTGYGQ8PeUTeAyzfwL8/getUpdates HTTP/1.1" 200 23
DEBUG:telegram.bot:No new updates found.
DEBUG:telegram.bot:[]
DEBUG:telegram.bot:Exiting: get_updates
DEBUG:telegram.bot:Entering: get_updates
DEBUG:telegram.vendor.ptb_urllib3.urllib3.connectionpool:https://api.telegram.org:443 "POST /bot426495381:AAG9pSdCmJNgg9_wzTGYGQ8PeUTeAyzfwL8/getUpdates HTTP/1.1" 200 23
DEBUG:telegram.bot:No new updates found.
DEBUG:telegram.bot:[]
DEBUG:telegram.bot:Exiting: get_updates
DEBUG:telegram.bot:Entering: get_updates
DEBUG:telegram.vendor.ptb_urllib3.urllib3.connectionpool:https://api.telegram.org:443 "POST /bot426495381:AAG9pSdCmJNgg9_wzTGYGQ8PeUTeAyzfwL8/getUpdates HTTP/1.1" 200 23
DEBUG:telegram.bot:No new updates found.
DEBUG:telegram.bot:[]
DEBUG:telegram.bot:Exiting: get_updates
DEBUG:telegram.bot:Entering: get_updates
DEBUG:telegram.vendor.ptb_urllib3.urllib3.connectionpool:https://api.telegram.org:443 "POST /bot426495381:AAG9pSdCmJNgg9_wzTGYGQ8PeUTeAyzfwL8/getUpdates HTTP/1.1" 200 23
DEBUG:telegram.bot:No new updates found.
DEBUG:telegram.bot:[]
DEBUG:telegram.bot:Exiting: get_updates
DEBUG:telegram.bot:Entering: get_updates
DEBUG:telegram.vendor.ptb_urllib3.urllib3.connectionpool:https://api.telegram.org:443 "POST /bot426495381:AAG9pSdCmJNgg9_wzTGYGQ8PeUTeAyzfwL8/getUpdates HTTP/1.1" 200 23
DEBUG:telegram.bot:No new updates found.
DEBUG:telegram.bot:[]
DEBUG:telegram.bot:Exiting: get_updates
DEBUG:telegram.bot:Entering: get_updates
DEBUG:telegram.vendor.ptb_urllib3.urllib3.connectionpool:https://api.telegram.org:443 "POST /bot426495381:AAG9pSdCmJNgg9_wzTGYGQ8PeUTeAyzfwL8/getUpdates HTTP/1.1" 200 23
DEBUG:telegram.bot:No new updates found.
DEBUG:telegram.bot:[]
DEBUG:telegram.bot:Exiting: get_updates
DEBUG:telegram.bot:Entering: get_updates
DEBUG:telegram.vendor.ptb_urllib3.urllib3.connectionpool:https://api.telegram.org:443 "POST /bot426495381:AAG9pSdCmJNgg9_wzTGYGQ8PeUTeAyzfwL8/getUpdates HTTP/1.1" 200 23
DEBUG:telegram.bot:No new updates found.
DEBUG:telegram.bot:[]
DEBUG:telegram.bot:Exiting: get_updates
DEBUG:telegram.bot:Entering: get_updates
DEBUG:telegram.vendor.ptb_urllib3.urllib3.connectionpool:https://api.telegram.org:443 "POST /bot426495381:AAG9pSdCmJNgg9_wzTGYGQ8PeUTeAyzfwL8/getUpdates HTTP/1.1" 200 23
DEBUG:telegram.bot:No new updates found.
DEBUG:telegram.bot:[]
DEBUG:telegram.bot:Exiting: get_updates
DEBUG:telegram.bot:Entering: get_updates
DEBUG:telegram.vendor.ptb_urllib3.urllib3.connectionpool:https://api.telegram.org:443 "POST /bot426495381:AAG9pSdCmJNgg9_wzTGYGQ8PeUTeAyzfwL8/getUpdates HTTP/1.1" 200 23
DEBUG:telegram.bot:No new updates found.
DEBUG:telegram.bot:[]
DEBUG:telegram.bot:Exiting: get_updates
DEBUG:telegram.bot:Entering: get_updates
DEBUG:telegram.vendor.ptb_urllib3.urllib3.connectionpool:https://api.telegram.org:443 "POST /bot426495381:AAG9pSdCmJNgg9_wzTGYGQ8PeUTeAyzfwL8/getUpdates HTTP/1.1" 200 23
DEBUG:telegram.bot:No new updates found.
DEBUG:telegram.bot:[]
DEBUG:telegram.bot:Exiting: get_updates
DEBUG:telegram.bot:Entering: get_updates
DEBUG:telegram.vendor.ptb_urllib3.urllib3.connectionpool:https://api.telegram.org:443 "POST /bot426495381:AAG9pSdCmJNgg9_wzTGYGQ8PeUTeAyzfwL8/getUpdates HTTP/1.1" 200 23
DEBUG:telegram.bot:No new updates found.
DEBUG:telegram.bot:[]
DEBUG:telegram.bot:Exiting: get_updates
DEBUG:telegram.bot:Entering: get_updates
DEBUG:telegram.vendor.ptb_urllib3.urllib3.connectionpool:https://api.telegram.org:443 "POST /bot426495381:AAG9pSdCmJNgg9_wzTGYGQ8PeUTeAyzfwL8/getUpdates HTTP/1.1" 200 23
DEBUG:telegram.bot:No new updates found.
DEBUG:telegram.bot:[]
DEBUG:telegram.bot:Exiting: get_updates
DEBUG:telegram.bot:Entering: get_updates
DEBUG:telegram.vendor.ptb_urllib3.urllib3.connectionpool:https://api.telegram.org:443 "POST /bot426495381:AAG9pSdCmJNgg9_wzTGYGQ8PeUTeAyzfwL8/getUpdates HTTP/1.1" 200 23
DEBUG:telegram.bot:No new updates found.
DEBUG:telegram.bot:[]
DEBUG:telegram.bot:Exiting: get_updates
DEBUG:telegram.bot:Entering: get_updates
DEBUG:telegram.vendor.ptb_urllib3.urllib3.connectionpool:https://api.telegram.org:443 "POST /bot426495381:AAG9pSdCmJNgg9_wzTGYGQ8PeUTeAyzfwL8/getUpdates HTTP/1.1" 200 23
DEBUG:telegram.bot:No new updates found.
DEBUG:telegram.bot:[]
DEBUG:telegram.bot:Exiting: get_updates
DEBUG:telegram.bot:Entering: get_updates
DEBUG:telegram.vendor.ptb_urllib3.urllib3.connectionpool:https://api.telegram.org:443 "POST /bot426495381:AAG9pSdCmJNgg9_wzTGYGQ8PeUTeAyzfwL8/getUpdates HTTP/1.1" 200 23
DEBUG:telegram.bot:No new updates found.
DEBUG:telegram.bot:[]
DEBUG:telegram.bot:Exiting: get_updates
DEBUG:telegram.bot:Entering: get_updates
DEBUG:telegram.vendor.ptb_urllib3.urllib3.connectionpool:https://api.telegram.org:443 "POST /bot426495381:AAG9pSdCmJNgg9_wzTGYGQ8PeUTeAyzfwL8/getUpdates HTTP/1.1" 200 23
DEBUG:telegram.bot:No new updates found.
DEBUG:telegram.bot:[]
DEBUG:telegram.bot:Exiting: get_updates
DEBUG:telegram.bot:Entering: get_updates
DEBUG:telegram.vendor.ptb_urllib3.urllib3.connectionpool:https://api.telegram.org:443 "POST /bot426495381:AAG9pSdCmJNgg9_wzTGYGQ8PeUTeAyzfwL8/getUpdates HTTP/1.1" 200 23
DEBUG:telegram.bot:No new updates found.
DEBUG:telegram.bot:[]
DEBUG:telegram.bot:Exiting: get_updates
DEBUG:telegram.bot:Entering: get_updates
DEBUG:telegram.vendor.ptb_urllib3.urllib3.connectionpool:https://api.telegram.org:443 "POST /bot426495381:AAG9pSdCmJNgg9_wzTGYGQ8PeUTeAyzfwL8/getUpdates HTTP/1.1" 200 23
DEBUG:telegram.bot:No new updates found.
DEBUG:telegram.bot:[]
DEBUG:telegram.bot:Exiting: get_updates
DEBUG:telegram.bot:Entering: get_updates
DEBUG:telegram.vendor.ptb_urllib3.urllib3.connectionpool:https://api.telegram.org:443 "POST /bot426495381:AAG9pSdCmJNgg9_wzTGYGQ8PeUTeAyzfwL8/getUpdates HTTP/1.1" 200 23
DEBUG:telegram.bot:No new updates found.
DEBUG:telegram.bot:[]
DEBUG:telegram.bot:Exiting: get_updates
DEBUG:telegram.bot:Entering: get_updates
DEBUG:telegram.vendor.ptb_urllib3.urllib3.connectionpool:https://api.telegram.org:443 "POST /bot426495381:AAG9pSdCmJNgg9_wzTGYGQ8PeUTeAyzfwL8/getUpdates HTTP/1.1" 200 23
DEBUG:telegram.bot:No new updates found.
DEBUG:telegram.bot:[]
DEBUG:telegram.bot:Exiting: get_updates
DEBUG:telegram.bot:Entering: get_updates
DEBUG:telegram.vendor.ptb_urllib3.urllib3.connectionpool:Resetting dropped connection: api.telegram.org
DEBUG:telegram.vendor.ptb_urllib3.urllib3.connectionpool:https://api.telegram.org:443 "POST /bot426495381:AAG9pSdCmJNgg9_wzTGYGQ8PeUTeAyzfwL8/getUpdates HTTP/1.1" 200 23
DEBUG:telegram.bot:No new updates found.
DEBUG:telegram.bot:[]
DEBUG:telegram.bot:Exiting: get_updates
DEBUG:telegram.bot:Entering: get_updates
DEBUG:telegram.vendor.ptb_urllib3.urllib3.connectionpool:https://api.telegram.org:443 "POST /bot426495381:AAG9pSdCmJNgg9_wzTGYGQ8PeUTeAyzfwL8/getUpdates HTTP/1.1" 200 23
DEBUG:telegram.bot:No new updates found.
DEBUG:telegram.bot:[]
DEBUG:telegram.bot:Exiting: get_updates
DEBUG:telegram.bot:Entering: get_updates
DEBUG:telegram.vendor.ptb_urllib3.urllib3.connectionpool:https://api.telegram.org:443 "POST /bot426495381:AAG9pSdCmJNgg9_wzTGYGQ8PeUTeAyzfwL8/getUpdates HTTP/1.1" 200 23
DEBUG:telegram.bot:No new updates found.
DEBUG:telegram.bot:[]
DEBUG:telegram.bot:Exiting: get_updates
DEBUG:telegram.bot:Entering: get_updates
DEBUG:telegram.vendor.ptb_urllib3.urllib3.connectionpool:https://api.telegram.org:443 "POST /bot426495381:AAG9pSdCmJNgg9_wzTGYGQ8PeUTeAyzfwL8/getUpdates HTTP/1.1" 200 23
DEBUG:telegram.bot:No new updates found.
DEBUG:telegram.bot:[]
DEBUG:telegram.bot:Exiting: get_updates
DEBUG:telegram.bot:Entering: get_updates
DEBUG:telegram.vendor.ptb_urllib3.urllib3.connectionpool:https://api.telegram.org:443 "POST /bot426495381:AAG9pSdCmJNgg9_wzTGYGQ8PeUTeAyzfwL8/getUpdates HTTP/1.1" 200 23
DEBUG:telegram.bot:No new updates found.
DEBUG:telegram.bot:[]
DEBUG:telegram.bot:Exiting: get_updates
DEBUG:telegram.bot:Entering: get_updates
DEBUG:telegram.vendor.ptb_urllib3.urllib3.connectionpool:https://api.telegram.org:443 "POST /bot426495381:AAG9pSdCmJNgg9_wzTGYGQ8PeUTeAyzfwL8/getUpdates HTTP/1.1" 200 23
DEBUG:telegram.bot:No new updates found.
DEBUG:telegram.bot:[]
DEBUG:telegram.bot:Exiting: get_updates
DEBUG:telegram.bot:Entering: get_updates
DEBUG:telegram.vendor.ptb_urllib3.urllib3.connectionpool:https://api.telegram.org:443 "POST /bot426495381:AAG9pSdCmJNgg9_wzTGYGQ8PeUTeAyzfwL8/getUpdates HTTP/1.1" 200 23
DEBUG:telegram.bot:No new updates found.
DEBUG:telegram.bot:[]
DEBUG:telegram.bot:Exiting: get_updates
DEBUG:telegram.bot:Entering: get_updates
DEBUG:telegram.vendor.ptb_urllib3.urllib3.connectionpool:https://api.telegram.org:443 "POST /bot426495381:AAG9pSdCmJNgg9_wzTGYGQ8PeUTeAyzfwL8/getUpdates HTTP/1.1" 200 23
DEBUG:telegram.bot:No new updates found.
DEBUG:telegram.bot:[]
DEBUG:telegram.bot:Exiting: get_updates
DEBUG:telegram.bot:Entering: get_updates
DEBUG:telegram.vendor.ptb_urllib3.urllib3.connectionpool:https://api.telegram.org:443 "POST /bot426495381:AAG9pSdCmJNgg9_wzTGYGQ8PeUTeAyzfwL8/getUpdates HTTP/1.1" 200 23
DEBUG:telegram.bot:No new updates found.
DEBUG:telegram.bot:[]
DEBUG:telegram.bot:Exiting: get_updates
DEBUG:telegram.bot:Entering: get_updates
DEBUG:telegram.vendor.ptb_urllib3.urllib3.connectionpool:https://api.telegram.org:443 "POST /bot426495381:AAG9pSdCmJNgg9_wzTGYGQ8PeUTeAyzfwL8/getUpdates HTTP/1.1" 200 23
DEBUG:telegram.bot:No new updates found.
DEBUG:telegram.bot:[]
DEBUG:telegram.bot:Exiting: get_updates
DEBUG:telegram.bot:Entering: get_updates
DEBUG:telegram.vendor.ptb_urllib3.urllib3.connectionpool:https://api.telegram.org:443 "POST /bot426495381:AAG9pSdCmJNgg9_wzTGYGQ8PeUTeAyzfwL8/getUpdates HTTP/1.1" 200 23
DEBUG:telegram.bot:No new updates found.
DEBUG:telegram.bot:[]
DEBUG:telegram.bot:Exiting: get_updates
DEBUG:telegram.bot:Entering: get_updates
DEBUG:telegram.vendor.ptb_urllib3.urllib3.connectionpool:https://api.telegram.org:443 "POST /bot426495381:AAG9pSdCmJNgg9_wzTGYGQ8PeUTeAyzfwL8/getUpdates HTTP/1.1" 200 23
DEBUG:telegram.bot:No new updates found.
DEBUG:telegram.bot:[]
DEBUG:telegram.bot:Exiting: get_updates
DEBUG:telegram.bot:Entering: get_updates
DEBUG:telegram.vendor.ptb_urllib3.urllib3.connectionpool:https://api.telegram.org:443 "POST /bot426495381:AAG9pSdCmJNgg9_wzTGYGQ8PeUTeAyzfwL8/getUpdates HTTP/1.1" 200 23
DEBUG:telegram.bot:No new updates found.
DEBUG:telegram.bot:[]
DEBUG:telegram.bot:Exiting: get_updates
DEBUG:telegram.bot:Entering: get_updates
DEBUG:telegram.vendor.ptb_urllib3.urllib3.connectionpool:https://api.telegram.org:443 "POST /bot426495381:AAG9pSdCmJNgg9_wzTGYGQ8PeUTeAyzfwL8/getUpdates HTTP/1.1" 200 23
DEBUG:telegram.bot:No new updates found.
DEBUG:telegram.bot:[]
DEBUG:telegram.bot:Exiting: get_updates
DEBUG:telegram.bot:Entering: get_updates
DEBUG:telegram.vendor.ptb_urllib3.urllib3.connectionpool:https://api.telegram.org:443 "POST /bot426495381:AAG9pSdCmJNgg9_wzTGYGQ8PeUTeAyzfwL8/getUpdates HTTP/1.1" 200 23
DEBUG:telegram.bot:No new updates found.
DEBUG:telegram.bot:[]
DEBUG:telegram.bot:Exiting: get_updates
DEBUG:telegram.bot:Entering: get_updates
DEBUG:telegram.vendor.ptb_urllib3.urllib3.connectionpool:https://api.telegram.org:443 "POST /bot426495381:AAG9pSdCmJNgg9_wzTGYGQ8PeUTeAyzfwL8/getUpdates HTTP/1.1" 200 23
DEBUG:telegram.bot:No new updates found.
DEBUG:telegram.bot:[]
DEBUG:telegram.bot:Exiting: get_updates
DEBUG:telegram.bot:Entering: get_updates
DEBUG:telegram.vendor.ptb_urllib3.urllib3.connectionpool:https://api.telegram.org:443 "POST /bot426495381:AAG9pSdCmJNgg9_wzTGYGQ8PeUTeAyzfwL8/getUpdates HTTP/1.1" 200 23
DEBUG:telegram.bot:No new updates found.
DEBUG:telegram.bot:[]
DEBUG:telegram.bot:Exiting: get_updates
DEBUG:telegram.bot:Entering: get_updates
DEBUG:telegram.vendor.ptb_urllib3.urllib3.connectionpool:https://api.telegram.org:443 "POST /bot426495381:AAG9pSdCmJNgg9_wzTGYGQ8PeUTeAyzfwL8/getUpdates HTTP/1.1" 200 23
DEBUG:telegram.bot:No new updates found.
DEBUG:telegram.bot:[]
DEBUG:telegram.bot:Exiting: get_updates
DEBUG:telegram.bot:Entering: get_updates
DEBUG:telegram.vendor.ptb_urllib3.urllib3.connectionpool:https://api.telegram.org:443 "POST /bot426495381:AAG9pSdCmJNgg9_wzTGYGQ8PeUTeAyzfwL8/getUpdates HTTP/1.1" 200 23
DEBUG:telegram.bot:No new updates found.
DEBUG:telegram.bot:[]
DEBUG:telegram.bot:Exiting: get_updates
DEBUG:telegram.bot:Entering: get_updates
DEBUG:telegram.vendor.ptb_urllib3.urllib3.connectionpool:https://api.telegram.org:443 "POST /bot426495381:AAG9pSdCmJNgg9_wzTGYGQ8PeUTeAyzfwL8/getUpdates HTTP/1.1" 200 23
DEBUG:telegram.bot:No new updates found.
DEBUG:telegram.bot:[]
DEBUG:telegram.bot:Exiting: get_updates
DEBUG:telegram.bot:Entering: get_updates
DEBUG:telegram.vendor.ptb_urllib3.urllib3.connectionpool:https://api.telegram.org:443 "POST /bot426495381:AAG9pSdCmJNgg9_wzTGYGQ8PeUTeAyzfwL8/getUpdates HTTP/1.1" 200 23
DEBUG:telegram.bot:No new updates found.
DEBUG:telegram.bot:[]
DEBUG:telegram.bot:Exiting: get_updates
DEBUG:telegram.bot:Entering: get_updates
DEBUG:telegram.vendor.ptb_urllib3.urllib3.connectionpool:https://api.telegram.org:443 "POST /bot426495381:AAG9pSdCmJNgg9_wzTGYGQ8PeUTeAyzfwL8/getUpdates HTTP/1.1" 200 23
DEBUG:telegram.bot:No new updates found.
DEBUG:telegram.bot:[]
DEBUG:telegram.bot:Exiting: get_updates
DEBUG:telegram.bot:Entering: get_updates
DEBUG:telegram.vendor.ptb_urllib3.urllib3.connectionpool:https://api.telegram.org:443 "POST /bot426495381:AAG9pSdCmJNgg9_wzTGYGQ8PeUTeAyzfwL8/getUpdates HTTP/1.1" 200 23
DEBUG:telegram.bot:No new updates found.
DEBUG:telegram.bot:[]
DEBUG:telegram.bot:Exiting: get_updates
DEBUG:telegram.bot:Entering: get_updates
DEBUG:telegram.vendor.ptb_urllib3.urllib3.connectionpool:https://api.telegram.org:443 "POST /bot426495381:AAG9pSdCmJNgg9_wzTGYGQ8PeUTeAyzfwL8/getUpdates HTTP/1.1" 200 23
DEBUG:telegram.bot:No new updates found.
DEBUG:telegram.bot:[]
DEBUG:telegram.bot:Exiting: get_updates
DEBUG:telegram.bot:Entering: get_updates
DEBUG:telegram.vendor.ptb_urllib3.urllib3.connectionpool:https://api.telegram.org:443 "POST /bot426495381:AAG9pSdCmJNgg9_wzTGYGQ8PeUTeAyzfwL8/getUpdates HTTP/1.1" 200 23
DEBUG:telegram.bot:No new updates found.
DEBUG:telegram.bot:[]
DEBUG:telegram.bot:Exiting: get_updates
DEBUG:telegram.bot:Entering: get_updates
DEBUG:telegram.vendor.ptb_urllib3.urllib3.connectionpool:https://api.telegram.org:443 "POST /bot426495381:AAG9pSdCmJNgg9_wzTGYGQ8PeUTeAyzfwL8/getUpdates HTTP/1.1" 200 23
DEBUG:telegram.bot:No new updates found.
DEBUG:telegram.bot:[]
DEBUG:telegram.bot:Exiting: get_updates
DEBUG:telegram.bot:Entering: get_updates
DEBUG:telegram.vendor.ptb_urllib3.urllib3.connectionpool:https://api.telegram.org:443 "POST /bot426495381:AAG9pSdCmJNgg9_wzTGYGQ8PeUTeAyzfwL8/getUpdates HTTP/1.1" 200 23
DEBUG:telegram.bot:No new updates found.
DEBUG:telegram.bot:[]
DEBUG:telegram.bot:Exiting: get_updates
DEBUG:telegram.bot:Entering: get_updates
DEBUG:telegram.vendor.ptb_urllib3.urllib3.connectionpool:https://api.telegram.org:443 "POST /bot426495381:AAG9pSdCmJNgg9_wzTGYGQ8PeUTeAyzfwL8/getUpdates HTTP/1.1" 200 23
DEBUG:telegram.bot:No new updates found.
DEBUG:telegram.bot:[]
DEBUG:telegram.bot:Exiting: get_updates
DEBUG:telegram.bot:Entering: get_updates
DEBUG:telegram.vendor.ptb_urllib3.urllib3.connectionpool:https://api.telegram.org:443 "POST /bot426495381:AAG9pSdCmJNgg9_wzTGYGQ8PeUTeAyzfwL8/getUpdates HTTP/1.1" 200 23
DEBUG:telegram.bot:No new updates found.
DEBUG:telegram.bot:[]
DEBUG:telegram.bot:Exiting: get_updates
DEBUG:telegram.bot:Entering: get_updates
DEBUG:telegram.vendor.ptb_urllib3.urllib3.connectionpool:https://api.telegram.org:443 "POST /bot426495381:AAG9pSdCmJNgg9_wzTGYGQ8PeUTeAyzfwL8/getUpdates HTTP/1.1" 200 23
DEBUG:telegram.bot:No new updates found.
DEBUG:telegram.bot:[]
DEBUG:telegram.bot:Exiting: get_updates
DEBUG:telegram.bot:Entering: get_updates
DEBUG:telegram.vendor.ptb_urllib3.urllib3.connectionpool:https://api.telegram.org:443 "POST /bot426495381:AAG9pSdCmJNgg9_wzTGYGQ8PeUTeAyzfwL8/getUpdates HTTP/1.1" 200 23
DEBUG:telegram.bot:No new updates found.
DEBUG:telegram.bot:[]
DEBUG:telegram.bot:Exiting: get_updates
DEBUG:telegram.bot:Entering: get_updates
DEBUG:telegram.vendor.ptb_urllib3.urllib3.connectionpool:https://api.telegram.org:443 "POST /bot426495381:AAG9pSdCmJNgg9_wzTGYGQ8PeUTeAyzfwL8/getUpdates HTTP/1.1" 200 23
DEBUG:telegram.bot:No new updates found.
DEBUG:telegram.bot:[]
DEBUG:telegram.bot:Exiting: get_updates
DEBUG:telegram.bot:Entering: get_updates
DEBUG:telegram.vendor.ptb_urllib3.urllib3.connectionpool:https://api.telegram.org:443 "POST /bot426495381:AAG9pSdCmJNgg9_wzTGYGQ8PeUTeAyzfwL8/getUpdates HTTP/1.1" 200 23
DEBUG:telegram.bot:No new updates found.
DEBUG:telegram.bot:[]
DEBUG:telegram.bot:Exiting: get_updates
DEBUG:telegram.bot:Entering: get_updates
DEBUG:telegram.vendor.ptb_urllib3.urllib3.connectionpool:https://api.telegram.org:443 "POST /bot426495381:AAG9pSdCmJNgg9_wzTGYGQ8PeUTeAyzfwL8/getUpdates HTTP/1.1" 200 23
DEBUG:telegram.bot:No new updates found.
DEBUG:telegram.bot:[]
DEBUG:telegram.bot:Exiting: get_updates
DEBUG:telegram.bot:Entering: get_updates
DEBUG:telegram.vendor.ptb_urllib3.urllib3.connectionpool:https://api.telegram.org:443 "POST /bot426495381:AAG9pSdCmJNgg9_wzTGYGQ8PeUTeAyzfwL8/getUpdates HTTP/1.1" 200 23
DEBUG:telegram.bot:No new updates found.
DEBUG:telegram.bot:[]
DEBUG:telegram.bot:Exiting: get_updates
DEBUG:telegram.bot:Entering: get_updates
DEBUG:telegram.vendor.ptb_urllib3.urllib3.connectionpool:https://api.telegram.org:443 "POST /bot426495381:AAG9pSdCmJNgg9_wzTGYGQ8PeUTeAyzfwL8/getUpdates HTTP/1.1" 200 23
DEBUG:telegram.bot:No new updates found.
DEBUG:telegram.bot:[]
DEBUG:telegram.bot:Exiting: get_updates
DEBUG:telegram.bot:Entering: get_updates
DEBUG:telegram.vendor.ptb_urllib3.urllib3.connectionpool:https://api.telegram.org:443 "POST /bot426495381:AAG9pSdCmJNgg9_wzTGYGQ8PeUTeAyzfwL8/getUpdates HTTP/1.1" 200 23
DEBUG:telegram.bot:No new updates found.
DEBUG:telegram.bot:[]
DEBUG:telegram.bot:Exiting: get_updates
DEBUG:telegram.bot:Entering: get_updates
DEBUG:telegram.vendor.ptb_urllib3.urllib3.connectionpool:https://api.telegram.org:443 "POST /bot426495381:AAG9pSdCmJNgg9_wzTGYGQ8PeUTeAyzfwL8/getUpdates HTTP/1.1" 200 23
DEBUG:telegram.bot:No new updates found.
DEBUG:telegram.bot:[]
DEBUG:telegram.bot:Exiting: get_updates
DEBUG:telegram.bot:Entering: get_updates
DEBUG:telegram.vendor.ptb_urllib3.urllib3.connectionpool:https://api.telegram.org:443 "POST /bot426495381:AAG9pSdCmJNgg9_wzTGYGQ8PeUTeAyzfwL8/getUpdates HTTP/1.1" 200 23
DEBUG:telegram.bot:No new updates found.
DEBUG:telegram.bot:[]
DEBUG:telegram.bot:Exiting: get_updates
DEBUG:telegram.bot:Entering: get_updates
DEBUG:telegram.vendor.ptb_urllib3.urllib3.connectionpool:https://api.telegram.org:443 "POST /bot426495381:AAG9pSdCmJNgg9_wzTGYGQ8PeUTeAyzfwL8/getUpdates HTTP/1.1" 200 23
DEBUG:telegram.bot:No new updates found.
DEBUG:telegram.bot:[]
DEBUG:telegram.bot:Exiting: get_updates
DEBUG:telegram.bot:Entering: get_updates
DEBUG:telegram.vendor.ptb_urllib3.urllib3.connectionpool:https://api.telegram.org:443 "POST /bot426495381:AAG9pSdCmJNgg9_wzTGYGQ8PeUTeAyzfwL8/getUpdates HTTP/1.1" 200 23
DEBUG:telegram.bot:No new updates found.
DEBUG:telegram.bot:[]
DEBUG:telegram.bot:Exiting: get_updates
DEBUG:telegram.bot:Entering: get_updates
DEBUG:telegram.vendor.ptb_urllib3.urllib3.connectionpool:https://api.telegram.org:443 "POST /bot426495381:AAG9pSdCmJNgg9_wzTGYGQ8PeUTeAyzfwL8/getUpdates HTTP/1.1" 200 23
DEBUG:telegram.bot:No new updates found.
DEBUG:telegram.bot:[]
DEBUG:telegram.bot:Exiting: get_updates
DEBUG:telegram.bot:Entering: get_updates
DEBUG:telegram.vendor.ptb_urllib3.urllib3.connectionpool:https://api.telegram.org:443 "POST /bot426495381:AAG9pSdCmJNgg9_wzTGYGQ8PeUTeAyzfwL8/getUpdates HTTP/1.1" 200 23
DEBUG:telegram.bot:No new updates found.
DEBUG:telegram.bot:[]
DEBUG:telegram.bot:Exiting: get_updates
DEBUG:telegram.bot:Entering: get_updates
DEBUG:telegram.vendor.ptb_urllib3.urllib3.connectionpool:https://api.telegram.org:443 "POST /bot426495381:AAG9pSdCmJNgg9_wzTGYGQ8PeUTeAyzfwL8/getUpdates HTTP/1.1" 200 23
DEBUG:telegram.bot:No new updates found.
DEBUG:telegram.bot:[]
DEBUG:telegram.bot:Exiting: get_updates
DEBUG:telegram.bot:Entering: get_updates
DEBUG:telegram.vendor.ptb_urllib3.urllib3.connectionpool:https://api.telegram.org:443 "POST /bot426495381:AAG9pSdCmJNgg9_wzTGYGQ8PeUTeAyzfwL8/getUpdates HTTP/1.1" 200 23
DEBUG:telegram.bot:No new updates found.
DEBUG:telegram.bot:[]
DEBUG:telegram.bot:Exiting: get_updates
DEBUG:telegram.bot:Entering: get_updates
DEBUG:telegram.vendor.ptb_urllib3.urllib3.connectionpool:https://api.telegram.org:443 "POST /bot426495381:AAG9pSdCmJNgg9_wzTGYGQ8PeUTeAyzfwL8/getUpdates HTTP/1.1" 200 23
DEBUG:telegram.bot:No new updates found.
DEBUG:telegram.bot:[]
DEBUG:telegram.bot:Exiting: get_updates
DEBUG:telegram.bot:Entering: get_updates
DEBUG:telegram.vendor.ptb_urllib3.urllib3.connectionpool:https://api.telegram.org:443 "POST /bot426495381:AAG9pSdCmJNgg9_wzTGYGQ8PeUTeAyzfwL8/getUpdates HTTP/1.1" 200 23
DEBUG:telegram.bot:No new updates found.
DEBUG:telegram.bot:[]
DEBUG:telegram.bot:Exiting: get_updates
DEBUG:telegram.bot:Entering: get_updates
DEBUG:telegram.vendor.ptb_urllib3.urllib3.connectionpool:https://api.telegram.org:443 "POST /bot426495381:AAG9pSdCmJNgg9_wzTGYGQ8PeUTeAyzfwL8/getUpdates HTTP/1.1" 200 23
DEBUG:telegram.bot:No new updates found.
DEBUG:telegram.bot:[]
DEBUG:telegram.bot:Exiting: get_updates
DEBUG:telegram.bot:Entering: get_updates
DEBUG:telegram.vendor.ptb_urllib3.urllib3.connectionpool:https://api.telegram.org:443 "POST /bot426495381:AAG9pSdCmJNgg9_wzTGYGQ8PeUTeAyzfwL8/getUpdates HTTP/1.1" 200 23
DEBUG:telegram.bot:No new updates found.
DEBUG:telegram.bot:[]
DEBUG:telegram.bot:Exiting: get_updates
DEBUG:telegram.bot:Entering: get_updates
DEBUG:telegram.vendor.ptb_urllib3.urllib3.connectionpool:https://api.telegram.org:443 "POST /bot426495381:AAG9pSdCmJNgg9_wzTGYGQ8PeUTeAyzfwL8/getUpdates HTTP/1.1" 200 23
DEBUG:telegram.bot:No new updates found.
DEBUG:telegram.bot:[]
DEBUG:telegram.bot:Exiting: get_updates
DEBUG:telegram.bot:Entering: get_updates
DEBUG:telegram.vendor.ptb_urllib3.urllib3.connectionpool:https://api.telegram.org:443 "POST /bot426495381:AAG9pSdCmJNgg9_wzTGYGQ8PeUTeAyzfwL8/getUpdates HTTP/1.1" 200 23
DEBUG:telegram.bot:No new updates found.
DEBUG:telegram.bot:[]
DEBUG:telegram.bot:Exiting: get_updates
DEBUG:telegram.bot:Entering: get_updates
DEBUG:telegram.vendor.ptb_urllib3.urllib3.connectionpool:https://api.telegram.org:443 "POST /bot426495381:AAG9pSdCmJNgg9_wzTGYGQ8PeUTeAyzfwL8/getUpdates HTTP/1.1" 200 23
DEBUG:telegram.bot:No new updates found.
DEBUG:telegram.bot:[]
DEBUG:telegram.bot:Exiting: get_updates
DEBUG:telegram.bot:Entering: get_updates
DEBUG:telegram.vendor.ptb_urllib3.urllib3.connectionpool:https://api.telegram.org:443 "POST /bot426495381:AAG9pSdCmJNgg9_wzTGYGQ8PeUTeAyzfwL8/getUpdates HTTP/1.1" 200 23
DEBUG:telegram.bot:No new updates found.
DEBUG:telegram.bot:[]
DEBUG:telegram.bot:Exiting: get_updates
DEBUG:telegram.bot:Entering: get_updates
DEBUG:telegram.vendor.ptb_urllib3.urllib3.connectionpool:https://api.telegram.org:443 "POST /bot426495381:AAG9pSdCmJNgg9_wzTGYGQ8PeUTeAyzfwL8/getUpdates HTTP/1.1" 200 23
DEBUG:telegram.bot:No new updates found.
DEBUG:telegram.bot:[]
DEBUG:telegram.bot:Exiting: get_updates
DEBUG:telegram.bot:Entering: get_updates
DEBUG:telegram.vendor.ptb_urllib3.urllib3.connectionpool:https://api.telegram.org:443 "POST /bot426495381:AAG9pSdCmJNgg9_wzTGYGQ8PeUTeAyzfwL8/getUpdates HTTP/1.1" 200 23
DEBUG:telegram.bot:No new updates found.
DEBUG:telegram.bot:[]
DEBUG:telegram.bot:Exiting: get_updates
DEBUG:telegram.bot:Entering: get_updates
DEBUG:telegram.vendor.ptb_urllib3.urllib3.connectionpool:https://api.telegram.org:443 "POST /bot426495381:AAG9pSdCmJNgg9_wzTGYGQ8PeUTeAyzfwL8/getUpdates HTTP/1.1" 200 23
DEBUG:telegram.bot:No new updates found.
DEBUG:telegram.bot:[]
DEBUG:telegram.bot:Exiting: get_updates
DEBUG:telegram.bot:Entering: get_updates
DEBUG:telegram.vendor.ptb_urllib3.urllib3.connectionpool:https://api.telegram.org:443 "POST /bot426495381:AAG9pSdCmJNgg9_wzTGYGQ8PeUTeAyzfwL8/getUpdates HTTP/1.1" 200 23
DEBUG:telegram.bot:No new updates found.
DEBUG:telegram.bot:[]
DEBUG:telegram.bot:Exiting: get_updates
DEBUG:telegram.bot:Entering: get_updates
